<?xml version="1.0" encoding="UTF-8"?>
<coverage generated="1709134373110" clover="3.2.0">
  <project timestamp="1709134373110" name="All files">
    <metrics statements="606" coveredstatements="478" conditionals="89" coveredconditionals="46" methods="114" coveredmethods="92" elements="809" coveredelements="616" complexity="0" loc="606" ncloc="606" packages="3" files="13" classes="13"/>
    <package name="base">
      <metrics statements="185" coveredstatements="145" conditionals="18" coveredconditionals="10" methods="30" coveredmethods="24"/>
      <file name="mapcontract.ts" path="/Users/mike/Documents/DeFi/zkCloudWorker/merkle-map-demo/src/base/mapcontract.ts">
        <metrics statements="74" coveredstatements="74" conditionals="0" coveredconditionals="0" methods="12" coveredmethods="12"/>
        <line num="1" count="2" type="stmt"/>
        <line num="17" count="2" type="stmt"/>
        <line num="18" count="2" type="stmt"/>
        <line num="20" count="2" type="stmt"/>
        <line num="22" count="2" type="stmt"/>
        <line num="30" count="34" type="stmt"/>
        <line num="40" count="84" type="stmt"/>
        <line num="50" count="2" type="stmt"/>
        <line num="55" count="12" type="stmt"/>
        <line num="56" count="12" type="stmt"/>
        <line num="60" count="2" type="stmt"/>
        <line num="61" count="30" type="stmt"/>
        <line num="62" count="30" type="stmt"/>
        <line num="63" count="30" type="stmt"/>
        <line num="64" count="30" type="stmt"/>
        <line num="65" count="30" type="stmt"/>
        <line num="66" count="30" type="stmt"/>
        <line num="69" count="2" type="stmt"/>
        <line num="70" count="2" type="stmt"/>
        <line num="76" count="30" type="stmt"/>
        <line num="80" count="30" type="stmt"/>
        <line num="87" count="2" type="stmt"/>
        <line num="93" count="24" type="stmt"/>
        <line num="94" count="24" type="stmt"/>
        <line num="95" count="24" type="stmt"/>
        <line num="102" count="24" type="stmt"/>
        <line num="103" count="24" type="stmt"/>
        <line num="104" count="24" type="stmt"/>
        <line num="107" count="2" type="stmt"/>
        <line num="113" count="3" type="stmt"/>
        <line num="114" count="3" type="stmt"/>
        <line num="115" count="3" type="stmt"/>
        <line num="122" count="3" type="stmt"/>
        <line num="123" count="3" type="stmt"/>
        <line num="126" count="2" type="stmt"/>
        <line num="133" count="12" type="stmt"/>
        <line num="134" count="12" type="stmt"/>
        <line num="135" count="12" type="stmt"/>
        <line num="136" count="12" type="stmt"/>
        <line num="137" count="12" type="stmt"/>
        <line num="138" count="12" type="stmt"/>
        <line num="140" count="12" type="stmt"/>
        <line num="141" count="12" type="stmt"/>
        <line num="142" count="12" type="stmt"/>
        <line num="144" count="12" type="stmt"/>
        <line num="149" count="12" type="stmt"/>
        <line num="155" count="12" type="stmt"/>
        <line num="159" count="36" type="stmt"/>
        <line num="173" count="12" type="stmt"/>
        <line num="174" count="12" type="stmt"/>
        <line num="175" count="12" type="stmt"/>
        <line num="176" count="12" type="stmt"/>
        <line num="177" count="12" type="stmt"/>
        <line num="178" count="12" type="stmt"/>
        <line num="179" count="12" type="stmt"/>
        <line num="180" count="12" type="stmt"/>
        <line num="183" count="2" type="stmt"/>
        <line num="184" count="3" type="stmt"/>
        <line num="185" count="3" type="stmt"/>
        <line num="186" count="3" type="stmt"/>
        <line num="187" count="3" type="stmt"/>
        <line num="189" count="3" type="stmt"/>
        <line num="190" count="3" type="stmt"/>
        <line num="191" count="3" type="stmt"/>
        <line num="192" count="3" type="stmt"/>
        <line num="195" count="2" type="stmt"/>
        <line num="196" count="3" type="stmt"/>
        <line num="197" count="3" type="stmt"/>
        <line num="198" count="3" type="stmt"/>
        <line num="202" count="2" type="stmt"/>
        <line num="203" count="6" type="stmt"/>
        <line num="204" count="6" type="stmt"/>
        <line num="205" count="6" type="stmt"/>
        <line num="206" count="6" type="stmt"/>
      </file>
      <file name="proof.ts" path="/Users/mike/Documents/DeFi/zkCloudWorker/merkle-map-demo/src/base/proof.ts">
        <metrics statements="81" coveredstatements="42" conditionals="18" coveredconditionals="10" methods="7" coveredmethods="2"/>
        <line num="1" count="1" type="stmt"/>
        <line num="3" count="1" type="stmt"/>
        <line num="9" count="1" type="stmt"/>
        <line num="10" count="1" type="stmt"/>
        <line num="12" count="1" type="stmt"/>
        <line num="18" count="3" type="stmt"/>
        <line num="19" count="3" type="cond" truecount="0" falsecount="1"/>
        <line num="20" count="0" type="stmt"/>
        <line num="27" count="3" type="stmt"/>
        <line num="29" count="3" type="stmt"/>
        <line num="30" count="7" type="stmt"/>
        <line num="31" count="7" type="cond" truecount="2" falsecount="0"/>
        <line num="32" count="6" type="stmt"/>
        <line num="33" count="6" type="stmt"/>
        <line num="34" count="6" type="stmt"/>
        <line num="42" count="6" type="stmt"/>
        <line num="44" count="1" type="stmt"/>
        <line num="48" count="3" type="stmt"/>
        <line num="49" count="3" type="stmt"/>
        <line num="50" count="7" type="cond" truecount="2" falsecount="0"/>
        <line num="58" count="7" type="stmt"/>
        <line num="59" count="7" type="cond" truecount="2" falsecount="0"/>
        <line num="67" count="7" type="cond" truecount="1" falsecount="0"/>
        <line num="68" count="7" type="stmt"/>
        <line num="69" count="7" type="cond" truecount="1" falsecount="0"/>
        <line num="72" count="3" type="stmt"/>
        <line num="73" count="3" type="stmt"/>
        <line num="74" count="3" type="stmt"/>
        <line num="75" count="4" type="stmt"/>
        <line num="76" count="4" type="stmt"/>
        <line num="77" count="4" type="stmt"/>
        <line num="82" count="4" type="cond" truecount="1" falsecount="0"/>
        <line num="83" count="4" type="stmt"/>
        <line num="84" count="4" type="cond" truecount="1" falsecount="0"/>
        <line num="88" count="7" type="stmt"/>
        <line num="89" count="7" type="stmt"/>
        <line num="90" count="7" type="stmt"/>
        <line num="91" count="7" type="stmt"/>
        <line num="93" count="3" type="stmt"/>
        <line num="98" count="3" type="stmt"/>
        <line num="99" count="3" type="cond" truecount="0" falsecount="1"/>
        <line num="100" count="0" type="stmt"/>
        <line num="103" count="3" type="stmt"/>
        <line num="106" count="1" type="stmt"/>
        <line num="110" count="0" type="stmt"/>
        <line num="111" count="0" type="stmt"/>
        <line num="120" count="0" type="stmt"/>
        <line num="121" count="0" type="stmt"/>
        <line num="122" count="0" type="stmt"/>
        <line num="123" count="0" type="stmt"/>
        <line num="126" count="0" type="stmt"/>
        <line num="128" count="0" type="stmt"/>
        <line num="129" count="0" type="stmt"/>
        <line num="130" count="0" type="cond" truecount="0" falsecount="2"/>
        <line num="131" count="0" type="stmt"/>
        <line num="132" count="0" type="stmt"/>
        <line num="133" count="0" type="stmt"/>
        <line num="141" count="0" type="stmt"/>
        <line num="143" count="0" type="stmt"/>
        <line num="147" count="0" type="stmt"/>
        <line num="148" count="0" type="stmt"/>
        <line num="149" count="0" type="stmt"/>
        <line num="153" count="0" type="cond" truecount="0" falsecount="2"/>
        <line num="154" count="0" type="stmt"/>
        <line num="155" count="0" type="cond" truecount="0" falsecount="1"/>
        <line num="156" count="0" type="stmt"/>
        <line num="157" count="0" type="stmt"/>
        <line num="158" count="0" type="stmt"/>
        <line num="160" count="0" type="stmt"/>
        <line num="162" count="0" type="stmt"/>
        <line num="164" count="0" type="stmt"/>
        <line num="166" count="0" type="stmt"/>
        <line num="171" count="0" type="stmt"/>
        <line num="173" count="0" type="stmt"/>
        <line num="178" count="0" type="stmt"/>
        <line num="179" count="0" type="stmt"/>
        <line num="183" count="0" type="stmt"/>
        <line num="184" count="0" type="stmt"/>
        <line num="185" count="0" type="stmt"/>
        <line num="186" count="0" type="stmt"/>
        <line num="189" count="0" type="stmt"/>
      </file>
      <file name="update.ts" path="/Users/mike/Documents/DeFi/zkCloudWorker/merkle-map-demo/src/base/update.ts">
        <metrics statements="30" coveredstatements="29" conditionals="0" coveredconditionals="0" methods="11" coveredmethods="10"/>
        <line num="1" count="2" type="stmt"/>
        <line num="2" count="2" type="stmt"/>
        <line num="21" count="0" type="stmt"/>
        <line num="32" count="10" type="stmt"/>
        <line num="51" count="16" type="stmt"/>
        <line num="52" count="16" type="stmt"/>
        <line num="53" count="16" type="stmt"/>
        <line num="55" count="16" type="stmt"/>
        <line num="58" count="16" type="stmt"/>
        <line num="59" count="16" type="stmt"/>
        <line num="60" count="16" type="stmt"/>
        <line num="62" count="16" type="stmt"/>
        <line num="71" count="6" type="stmt"/>
        <line num="80" count="12" type="stmt"/>
        <line num="81" count="12" type="stmt"/>
        <line num="90" count="23" type="stmt"/>
        <line num="91" count="23" type="stmt"/>
        <line num="92" count="23" type="stmt"/>
        <line num="93" count="23" type="stmt"/>
        <line num="97" count="18" type="stmt"/>
        <line num="101" count="56" type="stmt"/>
        <line num="110" count="2" type="stmt"/>
        <line num="119" count="10" type="stmt"/>
        <line num="120" count="10" type="stmt"/>
        <line num="133" count="5" type="stmt"/>
        <line num="134" count="5" type="stmt"/>
        <line num="146" count="8" type="stmt"/>
        <line num="147" count="8" type="stmt"/>
        <line num="148" count="8" type="stmt"/>
        <line num="152" count="8" type="stmt"/>
      </file>
    </package>
    <package name="lib">
      <metrics statements="146" coveredstatements="106" conditionals="26" coveredconditionals="12" methods="46" coveredmethods="37"/>
      <file name="fast-merkle-map.ts" path="/Users/mike/Documents/DeFi/zkCloudWorker/merkle-map-demo/src/lib/fast-merkle-map.ts">
        <metrics statements="20" coveredstatements="16" conditionals="2" coveredconditionals="2" methods="8" coveredmethods="6"/>
        <line num="2" count="1" type="stmt"/>
        <line num="4" count="1" type="stmt"/>
        <line num="11" count="1" type="stmt"/>
        <line num="15" count="1" type="stmt"/>
        <line num="20" count="100" type="stmt"/>
        <line num="24" count="25500" type="stmt"/>
        <line num="26" count="100" type="stmt"/>
        <line num="27" count="100" type="stmt"/>
        <line num="28" count="25500" type="cond" truecount="2" falsecount="0"/>
        <line num="29" count="25500" type="stmt"/>
        <line num="32" count="100" type="stmt"/>
        <line num="36" count="1" type="stmt"/>
        <line num="37" count="100" type="stmt"/>
        <line num="38" count="100" type="stmt"/>
        <line num="45" count="1" type="stmt"/>
        <line num="54" count="0" type="stmt"/>
        <line num="55" count="0" type="stmt"/>
        <line num="64" count="0" type="stmt"/>
        <line num="65" count="0" type="stmt"/>
        <line num="73" count="1" type="stmt"/>
      </file>
      <file name="fast-merkle-tree.ts" path="/Users/mike/Documents/DeFi/zkCloudWorker/merkle-map-demo/src/lib/fast-merkle-tree.ts">
        <metrics statements="45" coveredstatements="35" conditionals="6" coveredconditionals="3" methods="11" coveredmethods="9"/>
        <line num="1" count="2" type="stmt"/>
        <line num="15" count="2" type="stmt"/>
        <line num="22" count="2" type="stmt"/>
        <line num="23" count="2" type="stmt"/>
        <line num="24" count="2" type="stmt"/>
        <line num="25" count="2" type="stmt"/>
        <line num="29" count="2" type="stmt"/>
        <line num="30" count="2" type="stmt"/>
        <line num="31" count="2" type="stmt"/>
        <line num="32" count="274" type="stmt"/>
        <line num="37" count="0" type="cond" truecount="0" falsecount="1"/>
        <line num="38" count="0" type="stmt"/>
        <line num="41" count="0" type="stmt"/>
        <line num="43" count="0" type="stmt"/>
        <line num="45" count="0" type="stmt"/>
        <line num="46" count="0" type="cond" truecount="0" falsecount="1"/>
        <line num="47" count="0" type="stmt"/>
        <line num="50" count="0" type="stmt"/>
        <line num="56" count="0" type="stmt"/>
        <line num="60" count="2" type="stmt"/>
        <line num="64" count="2" type="cond" truecount="0" falsecount="1"/>
        <line num="65" count="0" type="stmt"/>
        <line num="68" count="2" type="stmt"/>
        <line num="70" count="2" type="stmt"/>
        <line num="71" count="10100" type="stmt"/>
        <line num="72" count="10100" type="stmt"/>
        <line num="73" count="10100" type="stmt"/>
        <line num="75" count="10100" type="stmt"/>
        <line num="78" count="2" type="stmt"/>
        <line num="79" count="274" type="stmt"/>
        <line num="81" count="274" type="stmt"/>
        <line num="83" count="274" type="stmt"/>
        <line num="84" count="34644" type="stmt"/>
        <line num="85" count="34644" type="stmt"/>
        <line num="87" count="34644" type="stmt"/>
        <line num="88" count="34644" type="stmt"/>
        <line num="90" count="34644" type="stmt"/>
        <line num="97" count="274" type="stmt"/>
        <line num="102" count="69290" type="cond" truecount="2" falsecount="0"/>
        <line num="106" count="10100" type="stmt"/>
        <line num="110" count="44744" type="stmt"/>
        <line num="114" count="10100" type="cond" truecount="1" falsecount="0"/>
        <line num="115" count="10100" type="stmt"/>
        <line num="118" count="10100" type="stmt"/>
        <line num="126" count="2" type="stmt"/>
      </file>
      <file name="gc.ts" path="/Users/mike/Documents/DeFi/zkCloudWorker/merkle-map-demo/src/lib/gc.ts">
        <metrics statements="10" coveredstatements="4" conditionals="4" coveredconditionals="1" methods="1" coveredmethods="1"/>
        <line num="1" count="2" type="stmt"/>
        <line num="9" count="2" type="cond" truecount="1" falsecount="0"/>
        <line num="10" count="48" type="stmt"/>
        <line num="11" count="48" type="cond" truecount="0" falsecount="1"/>
        <line num="12" count="0" type="stmt"/>
        <line num="13" count="0" type="cond" truecount="0" falsecount="1"/>
        <line num="14" count="0" type="stmt"/>
        <line num="15" count="0" type="stmt"/>
        <line num="16" count="0" type="cond" truecount="0" falsecount="1"/>
        <line num="17" count="0" type="stmt"/>
      </file>
      <file name="hash.ts" path="/Users/mike/Documents/DeFi/zkCloudWorker/merkle-map-demo/src/lib/hash.ts">
        <metrics statements="37" coveredstatements="35" conditionals="1" coveredconditionals="0" methods="19" coveredmethods="17"/>
        <line num="1" count="3" type="stmt"/>
        <line num="3" count="3" type="stmt"/>
        <line num="4" count="89" type="stmt"/>
        <line num="5" count="89" type="stmt"/>
        <line num="8" count="3" type="stmt"/>
        <line num="9" count="101" type="stmt"/>
        <line num="10" count="101" type="cond" truecount="0" falsecount="1"/>
        <line num="11" count="101" type="stmt"/>
        <line num="12" count="101" type="stmt"/>
        <line num="17" count="3" type="stmt"/>
        <line num="18" count="2880" type="stmt"/>
        <line num="21" count="3" type="stmt"/>
        <line num="22" count="0" type="stmt"/>
        <line num="25" count="3" type="stmt"/>
        <line num="26" count="12" type="stmt"/>
        <line num="27" count="12" type="stmt"/>
        <line num="30" count="3" type="stmt"/>
        <line num="31" count="4" type="stmt"/>
        <line num="34" count="3" type="stmt"/>
        <line num="40" count="101" type="stmt"/>
        <line num="43" count="101" type="stmt"/>
        <line num="46" count="3" type="stmt"/>
        <line num="49" count="101" type="stmt"/>
        <line num="60" count="12" type="stmt"/>
        <line num="64" count="74" type="stmt"/>
        <line num="65" count="12" type="stmt"/>
        <line num="66" count="12" type="stmt"/>
        <line num="69" count="3" type="stmt"/>
        <line num="71" count="12" type="stmt"/>
        <line num="72" count="12" type="stmt"/>
        <line num="75" count="12" type="stmt"/>
        <line num="76" count="12" type="stmt"/>
        <line num="80" count="12" type="stmt"/>
        <line num="83" count="12" type="stmt"/>
        <line num="86" count="12" type="stmt"/>
        <line num="89" count="0" type="stmt"/>
        <line num="92" count="12" type="stmt"/>
      </file>
      <file name="memory.ts" path="/Users/mike/Documents/DeFi/zkCloudWorker/merkle-map-demo/src/lib/memory.ts">
        <metrics statements="10" coveredstatements="9" conditionals="10" coveredconditionals="6" methods="3" coveredmethods="2"/>
        <line num="1" count="2" type="stmt"/>
        <line num="3" count="2" type="stmt"/>
        <line num="5" count="0" type="stmt"/>
        <line num="14" count="66" type="stmt"/>
        <line num="15" count="66" type="stmt"/>
        <line num="16" count="66" type="stmt"/>
        <line num="17" count="66" type="stmt"/>
        <line num="18" count="66" type="cond" truecount="1" falsecount="0"/>
        <line num="20" count="66" type="cond" truecount="1" falsecount="1"/>
        <line num="48" count="66" type="stmt"/>
      </file>
      <file name="storage.ts" path="/Users/mike/Documents/DeFi/zkCloudWorker/merkle-map-demo/src/lib/storage.ts">
        <metrics statements="24" coveredstatements="7" conditionals="3" coveredconditionals="0" methods="4" coveredmethods="2"/>
        <line num="1" count="4" type="stmt"/>
        <line num="2" count="4" type="stmt"/>
        <line num="3" count="4" type="stmt"/>
        <line num="15" count="88" type="stmt"/>
        <line num="18" count="34" type="stmt"/>
        <line num="22" count="4" type="stmt"/>
        <line num="26" count="0" type="stmt"/>
        <line num="27" count="0" type="stmt"/>
        <line num="28" count="0" type="cond" truecount="0" falsecount="2"/>
        <line num="30" count="0" type="stmt"/>
        <line num="37" count="0" type="cond" truecount="0" falsecount="1"/>
        <line num="39" count="0" type="stmt"/>
        <line num="41" count="0" type="stmt"/>
        <line num="47" count="0" type="stmt"/>
        <line num="48" count="0" type="stmt"/>
        <line num="50" count="0" type="stmt"/>
        <line num="51" count="0" type="stmt"/>
        <line num="55" count="4" type="stmt"/>
        <line num="56" count="0" type="stmt"/>
        <line num="57" count="0" type="stmt"/>
        <line num="58" count="0" type="stmt"/>
        <line num="59" count="0" type="stmt"/>
        <line num="61" count="0" type="stmt"/>
        <line num="62" count="0" type="stmt"/>
      </file>
    </package>
    <package name="multiple-choice">
      <metrics statements="275" coveredstatements="227" conditionals="45" coveredconditionals="24" methods="38" coveredmethods="31"/>
      <file name="contract.ts" path="/Users/mike/Documents/DeFi/zkCloudWorker/merkle-map-demo/src/multiple-choice/contract.ts">
        <metrics statements="81" coveredstatements="80" conditionals="0" coveredconditionals="0" methods="13" coveredmethods="12"/>
        <line num="1" count="1" type="stmt"/>
        <line num="17" count="1" type="stmt"/>
        <line num="18" count="1" type="stmt"/>
        <line num="20" count="1" type="stmt"/>
        <line num="22" count="1" type="stmt"/>
        <line num="29" count="28" type="stmt"/>
        <line num="38" count="55" type="stmt"/>
        <line num="47" count="1" type="stmt"/>
        <line num="53" count="0" type="stmt"/>
        <line num="60" count="18" type="stmt"/>
        <line num="68" count="1" type="stmt"/>
        <line num="73" count="9" type="stmt"/>
        <line num="74" count="9" type="stmt"/>
        <line num="78" count="1" type="stmt"/>
        <line num="79" count="24" type="stmt"/>
        <line num="80" count="24" type="stmt"/>
        <line num="81" count="24" type="stmt"/>
        <line num="82" count="24" type="stmt"/>
        <line num="83" count="24" type="stmt"/>
        <line num="84" count="24" type="stmt"/>
        <line num="85" count="24" type="stmt"/>
        <line num="88" count="2" type="stmt"/>
        <line num="89" count="2" type="stmt"/>
        <line num="95" count="24" type="stmt"/>
        <line num="99" count="24" type="stmt"/>
        <line num="106" count="1" type="stmt"/>
        <line num="107" count="18" type="stmt"/>
        <line num="108" count="18" type="stmt"/>
        <line num="109" count="18" type="stmt"/>
        <line num="110" count="18" type="stmt"/>
        <line num="116" count="18" type="stmt"/>
        <line num="117" count="18" type="stmt"/>
        <line num="118" count="18" type="stmt"/>
        <line num="121" count="1" type="stmt"/>
        <line num="130" count="9" type="stmt"/>
        <line num="131" count="9" type="stmt"/>
        <line num="132" count="9" type="stmt"/>
        <line num="135" count="9" type="stmt"/>
        <line num="136" count="9" type="stmt"/>
        <line num="137" count="9" type="stmt"/>
        <line num="138" count="9" type="stmt"/>
        <line num="140" count="9" type="stmt"/>
        <line num="141" count="9" type="stmt"/>
        <line num="142" count="9" type="stmt"/>
        <line num="144" count="9" type="stmt"/>
        <line num="149" count="9" type="stmt"/>
        <line num="155" count="9" type="stmt"/>
        <line num="159" count="27" type="stmt"/>
        <line num="173" count="9" type="stmt"/>
        <line num="174" count="9" type="stmt"/>
        <line num="175" count="9" type="stmt"/>
        <line num="176" count="9" type="stmt"/>
        <line num="177" count="9" type="stmt"/>
        <line num="178" count="9" type="stmt"/>
        <line num="179" count="9" type="stmt"/>
        <line num="180" count="9" type="stmt"/>
        <line num="181" count="9" type="stmt"/>
        <line num="182" count="9" type="stmt"/>
        <line num="185" count="1" type="stmt"/>
        <line num="191" count="6" type="stmt"/>
        <line num="192" count="6" type="stmt"/>
        <line num="193" count="6" type="stmt"/>
        <line num="196" count="6" type="stmt"/>
        <line num="197" count="6" type="stmt"/>
        <line num="199" count="6" type="stmt"/>
        <line num="200" count="6" type="stmt"/>
        <line num="201" count="6" type="stmt"/>
        <line num="202" count="6" type="stmt"/>
        <line num="203" count="6" type="stmt"/>
        <line num="204" count="6" type="stmt"/>
        <line num="207" count="1" type="stmt"/>
        <line num="212" count="3" type="stmt"/>
        <line num="213" count="3" type="stmt"/>
        <line num="214" count="3" type="stmt"/>
        <line num="215" count="3" type="stmt"/>
        <line num="219" count="1" type="stmt"/>
        <line num="225" count="3" type="stmt"/>
        <line num="226" count="3" type="stmt"/>
        <line num="227" count="3" type="stmt"/>
        <line num="228" count="3" type="stmt"/>
        <line num="229" count="3" type="stmt"/>
      </file>
      <file name="map.ts" path="/Users/mike/Documents/DeFi/zkCloudWorker/merkle-map-demo/src/multiple-choice/map.ts">
        <metrics statements="34" coveredstatements="33" conditionals="0" coveredconditionals="0" methods="11" coveredmethods="10"/>
        <line num="2" count="1" type="stmt"/>
        <line num="3" count="1" type="stmt"/>
        <line num="4" count="1" type="stmt"/>
        <line num="5" count="1" type="stmt"/>
        <line num="7" count="1" type="stmt"/>
        <line num="26" count="0" type="stmt"/>
        <line num="37" count="14" type="stmt"/>
        <line num="61" count="24" type="stmt"/>
        <line num="62" count="24" type="stmt"/>
        <line num="63" count="24" type="stmt"/>
        <line num="65" count="24" type="stmt"/>
        <line num="68" count="24" type="stmt"/>
        <line num="69" count="24" type="stmt"/>
        <line num="70" count="24" type="stmt"/>
        <line num="71" count="24" type="stmt"/>
        <line num="73" count="24" type="stmt"/>
        <line num="82" count="4" type="stmt"/>
        <line num="94" count="18" type="stmt"/>
        <line num="95" count="18" type="stmt"/>
        <line num="107" count="29" type="stmt"/>
        <line num="108" count="29" type="stmt"/>
        <line num="109" count="29" type="stmt"/>
        <line num="110" count="29" type="stmt"/>
        <line num="114" count="18" type="stmt"/>
        <line num="118" count="68" type="stmt"/>
        <line num="127" count="1" type="stmt"/>
        <line num="142" count="14" type="stmt"/>
        <line num="148" count="14" type="stmt"/>
        <line num="161" count="4" type="stmt"/>
        <line num="166" count="4" type="stmt"/>
        <line num="178" count="11" type="stmt"/>
        <line num="179" count="11" type="stmt"/>
        <line num="180" count="11" type="stmt"/>
        <line num="184" count="11" type="stmt"/>
      </file>
      <file name="proof.ts" path="/Users/mike/Documents/DeFi/zkCloudWorker/merkle-map-demo/src/multiple-choice/proof.ts">
        <metrics statements="80" coveredstatements="42" conditionals="20" coveredconditionals="7" methods="7" coveredmethods="2"/>
        <line num="1" count="1" type="stmt"/>
        <line num="3" count="1" type="stmt"/>
        <line num="9" count="1" type="stmt"/>
        <line num="17" count="1" type="stmt"/>
        <line num="18" count="1" type="stmt"/>
        <line num="20" count="1" type="stmt"/>
        <line num="28" count="3" type="stmt"/>
        <line num="29" count="3" type="cond" truecount="0" falsecount="1"/>
        <line num="30" count="0" type="stmt"/>
        <line num="39" count="10" type="stmt"/>
        <line num="42" count="3" type="stmt"/>
        <line num="43" count="3" type="stmt"/>
        <line num="45" count="3" type="stmt"/>
        <line num="46" count="10" type="stmt"/>
        <line num="47" count="10" type="stmt"/>
        <line num="48" count="10" type="cond" truecount="1" falsecount="1"/>
        <line num="49" count="10" type="stmt"/>
        <line num="50" count="10" type="stmt"/>
        <line num="51" count="10" type="stmt"/>
        <line num="59" count="10" type="stmt"/>
        <line num="60" count="10" type="stmt"/>
        <line num="65" count="0" type="stmt"/>
        <line num="69" count="3" type="stmt"/>
        <line num="70" count="3" type="stmt"/>
        <line num="71" count="10" type="cond" truecount="1" falsecount="1"/>
        <line num="84" count="10" type="stmt"/>
        <line num="85" count="10" type="cond" truecount="1" falsecount="1"/>
        <line num="99" count="10" type="cond" truecount="1" falsecount="0"/>
        <line num="100" count="10" type="stmt"/>
        <line num="101" count="10" type="cond" truecount="1" falsecount="0"/>
        <line num="104" count="3" type="stmt"/>
        <line num="105" count="3" type="stmt"/>
        <line num="106" count="3" type="stmt"/>
        <line num="107" count="7" type="stmt"/>
        <line num="111" count="7" type="stmt"/>
        <line num="113" count="7" type="stmt"/>
        <line num="114" count="7" type="cond" truecount="1" falsecount="0"/>
        <line num="115" count="7" type="stmt"/>
        <line num="116" count="7" type="cond" truecount="1" falsecount="0"/>
        <line num="119" count="3" type="stmt"/>
        <line num="124" count="3" type="stmt"/>
        <line num="125" count="3" type="cond" truecount="0" falsecount="1"/>
        <line num="126" count="0" type="stmt"/>
        <line num="129" count="3" type="stmt"/>
        <line num="132" count="1" type="stmt"/>
        <line num="138" count="0" type="stmt"/>
        <line num="139" count="0" type="stmt"/>
        <line num="148" count="0" type="stmt"/>
        <line num="151" count="0" type="stmt"/>
        <line num="153" count="0" type="stmt"/>
        <line num="154" count="0" type="stmt"/>
        <line num="155" count="0" type="stmt"/>
        <line num="156" count="0" type="cond" truecount="0" falsecount="2"/>
        <line num="157" count="0" type="stmt"/>
        <line num="158" count="0" type="stmt"/>
        <line num="159" count="0" type="stmt"/>
        <line num="167" count="0" type="stmt"/>
        <line num="169" count="0" type="stmt"/>
        <line num="173" count="0" type="stmt"/>
        <line num="174" count="0" type="stmt"/>
        <line num="175" count="0" type="stmt"/>
        <line num="176" count="0" type="cond" truecount="0" falsecount="2"/>
        <line num="177" count="0" type="stmt"/>
        <line num="178" count="0" type="cond" truecount="0" falsecount="1"/>
        <line num="179" count="0" type="stmt"/>
        <line num="185" count="0" type="stmt"/>
        <line num="186" count="0" type="stmt"/>
        <line num="188" count="0" type="stmt"/>
        <line num="190" count="0" type="stmt"/>
        <line num="192" count="0" type="stmt"/>
        <line num="194" count="0" type="stmt"/>
        <line num="199" count="0" type="stmt"/>
        <line num="201" count="0" type="stmt"/>
        <line num="209" count="0" type="stmt"/>
        <line num="210" count="0" type="stmt"/>
        <line num="214" count="0" type="stmt"/>
        <line num="215" count="0" type="stmt"/>
        <line num="216" count="0" type="stmt"/>
        <line num="217" count="0" type="stmt"/>
        <line num="220" count="0" type="stmt"/>
      </file>
      <file name="questions.ts" path="/Users/mike/Documents/DeFi/zkCloudWorker/merkle-map-demo/src/multiple-choice/questions.ts">
        <metrics statements="80" coveredstatements="72" conditionals="25" coveredconditionals="17" methods="7" coveredmethods="7"/>
        <line num="1" count="2" type="stmt"/>
        <line num="2" count="2" type="stmt"/>
        <line num="34" count="2" type="stmt"/>
        <line num="38" count="2" type="stmt"/>
        <line num="39" count="2" type="stmt"/>
        <line num="40" count="20" type="cond" truecount="2" falsecount="0"/>
        <line num="41" count="20" type="stmt"/>
        <line num="42" count="20" type="stmt"/>
        <line num="43" count="20" type="stmt"/>
        <line num="44" count="100" type="stmt"/>
        <line num="46" count="20" type="stmt"/>
        <line num="47" count="20" type="stmt"/>
        <line num="48" count="100" type="stmt"/>
        <line num="50" count="20" type="stmt"/>
        <line num="52" count="2" type="stmt"/>
        <line num="55" count="2" type="stmt"/>
        <line num="61" count="3" type="stmt"/>
        <line num="62" count="3" type="stmt"/>
        <line num="63" count="24" type="stmt"/>
        <line num="64" count="24" type="stmt"/>
        <line num="65" count="240" type="stmt"/>
        <line num="66" count="240" type="stmt"/>
        <line num="67" count="1200" type="cond" truecount="2" falsecount="0"/>
        <line num="69" count="240" type="stmt"/>
        <line num="71" count="24" type="stmt"/>
        <line num="74" count="3" type="stmt"/>
        <line num="77" count="2" type="stmt"/>
        <line num="78" count="38" type="stmt"/>
        <line num="79" count="380" type="cond" truecount="2" falsecount="1"/>
        <line num="80" count="0" type="stmt"/>
        <line num="82" count="380" type="cond" truecount="0" falsecount="1"/>
        <line num="83" count="0" type="stmt"/>
        <line num="85" count="380" type="stmt"/>
        <line num="86" count="380" type="stmt"/>
        <line num="87" count="1900" type="cond" truecount="1" falsecount="0"/>
        <line num="88" count="380" type="stmt"/>
        <line num="91" count="380" type="cond" truecount="0" falsecount="1"/>
        <line num="92" count="0" type="stmt"/>
        <line num="94" count="380" type="cond" truecount="2" falsecount="1"/>
        <line num="95" count="0" type="stmt"/>
        <line num="98" count="38" type="stmt"/>
        <line num="101" count="2" type="stmt"/>
        <line num="103" count="2" type="stmt"/>
        <line num="107" count="36" type="cond" truecount="0" falsecount="1"/>
        <line num="108" count="0" type="stmt"/>
        <line num="109" count="36" type="stmt"/>
        <line num="110" count="36" type="stmt"/>
        <line num="111" count="360" type="stmt"/>
        <line num="112" count="360" type="stmt"/>
        <line num="113" count="360" type="cond" truecount="2" falsecount="0"/>
        <line num="114" count="360" type="stmt"/>
        <line num="115" count="360" type="stmt"/>
        <line num="116" count="1800" type="stmt"/>
        <line num="118" count="360" type="stmt"/>
        <line num="119" count="360" type="stmt"/>
        <line num="120" count="1800" type="cond" truecount="2" falsecount="0"/>
        <line num="123" count="36" type="stmt"/>
        <line num="125" count="2" type="stmt"/>
        <line num="129" count="17" type="stmt"/>
        <line num="130" count="17" type="stmt"/>
        <line num="131" count="170" type="stmt"/>
        <line num="132" count="170" type="stmt"/>
        <line num="133" count="850" type="cond" truecount="2" falsecount="0"/>
        <line num="136" count="17" type="stmt"/>
        <line num="139" count="2" type="stmt"/>
        <line num="145" count="34" type="cond" truecount="0" falsecount="1"/>
        <line num="146" count="0" type="stmt"/>
        <line num="148" count="34" type="stmt"/>
        <line num="152" count="34" type="cond" truecount="0" falsecount="1"/>
        <line num="156" count="0" type="stmt"/>
        <line num="157" count="34" type="stmt"/>
        <line num="158" count="34" type="stmt"/>
        <line num="159" count="277" type="cond" truecount="1" falsecount="0"/>
        <line num="160" count="142" type="cond" truecount="1" falsecount="0"/>
        <line num="161" count="710" type="stmt"/>
        <line num="163" count="7" type="stmt"/>
        <line num="166" count="270" type="stmt"/>
        <line num="167" count="1350" type="cond" truecount="0" falsecount="1"/>
        <line num="168" count="0" type="stmt"/>
        <line num="172" count="27" type="stmt"/>
      </file>
    </package>
  </project>
</coverage>
