{"/Users/mike/Documents/DeFi/zkCloudWorker/merkle-map-demo/src/base/mapcontract.ts": {"path":"/Users/mike/Documents/DeFi/zkCloudWorker/merkle-map-demo/src/base/mapcontract.ts","statementMap":{"0":{"start":{"line":1,"column":0},"end":{"line":1,"column":null}},"1":{"start":{"line":17,"column":0},"end":{"line":17,"column":41}},"2":{"start":{"line":18,"column":0},"end":{"line":18,"column":42}},"3":{"start":{"line":20,"column":13},"end":{"line":20,"column":28}},"4":{"start":{"line":30,"column":4},"end":{"line":36,"column":6}},"5":{"start":{"line":40,"column":4},"end":{"line":46,"column":7}},"6":{"start":{"line":22,"column":0},"end":{"line":22,"column":13}},"7":{"start":{"line":55,"column":4},"end":{"line":55,"column":34}},"8":{"start":{"line":56,"column":4},"end":{"line":56,"column":32}},"9":{"start":{"line":50,"column":0},"end":{"line":50,"column":13}},"10":{"start":{"line":61,"column":16},"end":{"line":61,"column":40}},"11":{"start":{"line":62,"column":16},"end":{"line":62,"column":38}},"12":{"start":{"line":63,"column":16},"end":{"line":63,"column":39}},"13":{"start":{"line":64,"column":16},"end":{"line":64,"column":45}},"14":{"start":{"line":65,"column":20},"end":{"line":65,"column":47}},"15":{"start":{"line":66,"column":15},"end":{"line":66,"column":40}},"16":{"start":{"line":76,"column":2},"end":{"line":78,"column":5}},"17":{"start":{"line":80,"column":2},"end":{"line":85,"column":4}},"18":{"start":{"line":69,"column":4},"end":{"line":69,"column":23}},"19":{"start":{"line":70,"column":4},"end":{"line":73,"column":7}},"20":{"start":{"line":93,"column":24},"end":{"line":93,"column":57}},"21":{"start":{"line":94,"column":17},"end":{"line":94,"column":61}},"22":{"start":{"line":95,"column":20},"end":{"line":101,"column":6}},"23":{"start":{"line":102,"column":4},"end":{"line":102,"column":69}},"24":{"start":{"line":103,"column":4},"end":{"line":103,"column":35}},"25":{"start":{"line":104,"column":4},"end":{"line":104,"column":35}},"26":{"start":{"line":113,"column":24},"end":{"line":113,"column":57}},"27":{"start":{"line":114,"column":17},"end":{"line":114,"column":61}},"28":{"start":{"line":115,"column":20},"end":{"line":121,"column":6}},"29":{"start":{"line":122,"column":4},"end":{"line":122,"column":69}},"30":{"start":{"line":123,"column":4},"end":{"line":123,"column":38}},"31":{"start":{"line":133,"column":18},"end":{"line":133,"column":50}},"32":{"start":{"line":134,"column":4},"end":{"line":134,"column":77}},"33":{"start":{"line":135,"column":4},"end":{"line":135,"column":19}},"34":{"start":{"line":136,"column":4},"end":{"line":136,"column":76}},"35":{"start":{"line":137,"column":4},"end":{"line":137,"column":59}},"36":{"start":{"line":138,"column":4},"end":{"line":138,"column":75}},"37":{"start":{"line":140,"column":24},"end":{"line":140,"column":62}},"38":{"start":{"line":141,"column":4},"end":{"line":141,"column":47}},"39":{"start":{"line":142,"column":18},"end":{"line":142,"column":50}},"40":{"start":{"line":144,"column":27},"end":{"line":147,"column":6}},"41":{"start":{"line":149,"column":38},"end":{"line":152,"column":6}},"42":{"start":{"line":155,"column":6},"end":{"line":171,"column":null}},"43":{"start":{"line":159,"column":10},"end":{"line":162,"column":13}},"44":{"start":{"line":173,"column":4},"end":{"line":173,"column":61}},"45":{"start":{"line":174,"column":31},"end":{"line":174,"column":77}},"46":{"start":{"line":175,"column":21},"end":{"line":175,"column":62}},"47":{"start":{"line":176,"column":4},"end":{"line":176,"column":32}},"48":{"start":{"line":177,"column":4},"end":{"line":177,"column":53}},"49":{"start":{"line":178,"column":4},"end":{"line":178,"column":41}},"50":{"start":{"line":179,"column":4},"end":{"line":179,"column":45}},"51":{"start":{"line":180,"column":4},"end":{"line":180,"column":43}},"52":{"start":{"line":184,"column":18},"end":{"line":184,"column":50}},"53":{"start":{"line":185,"column":4},"end":{"line":185,"column":77}},"54":{"start":{"line":186,"column":4},"end":{"line":186,"column":19}},"55":{"start":{"line":187,"column":4},"end":{"line":187,"column":76}},"56":{"start":{"line":189,"column":18},"end":{"line":189,"column":50}},"57":{"start":{"line":190,"column":4},"end":{"line":190,"column":55}},"58":{"start":{"line":191,"column":4},"end":{"line":191,"column":45}},"59":{"start":{"line":192,"column":4},"end":{"line":192,"column":58}},"60":{"start":{"line":196,"column":18},"end":{"line":196,"column":50}},"61":{"start":{"line":197,"column":4},"end":{"line":197,"column":68}},"62":{"start":{"line":198,"column":4},"end":{"line":198,"column":29}},"63":{"start":{"line":203,"column":18},"end":{"line":203,"column":50}},"64":{"start":{"line":204,"column":4},"end":{"line":204,"column":62}},"65":{"start":{"line":205,"column":4},"end":{"line":205,"column":24}},"66":{"start":{"line":206,"column":4},"end":{"line":206,"column":26}},"67":{"start":{"line":60,"column":0},"end":{"line":60,"column":13}},"68":{"start":{"line":61,"column":16},"end":{"line":61,"column":null}},"69":{"start":{"line":62,"column":16},"end":{"line":62,"column":null}},"70":{"start":{"line":63,"column":16},"end":{"line":63,"column":null}},"71":{"start":{"line":64,"column":16},"end":{"line":64,"column":null}},"72":{"start":{"line":65,"column":20},"end":{"line":65,"column":null}},"73":{"start":{"line":66,"column":15},"end":{"line":66,"column":null}},"74":{"start":{"line":87,"column":10},"end":{"line":105,"column":null}},"75":{"start":{"line":107,"column":10},"end":{"line":124,"column":null}},"76":{"start":{"line":126,"column":10},"end":{"line":181,"column":null}},"77":{"start":{"line":183,"column":10},"end":{"line":193,"column":null}},"78":{"start":{"line":195,"column":10},"end":{"line":199,"column":null}},"79":{"start":{"line":202,"column":10},"end":{"line":207,"column":null}}},"fnMap":{"0":{"name":"(anonymous_2)","decl":{"start":{"line":29,"column":2},"end":{"line":29,"column":10}},"loc":{"start":{"line":29,"column":10},"end":{"line":37,"column":3}}},"1":{"name":"(anonymous_3)","decl":{"start":{"line":39,"column":2},"end":{"line":39,"column":8}},"loc":{"start":{"line":39,"column":35},"end":{"line":47,"column":3}}},"2":{"name":"(anonymous_4)","decl":{"start":{"line":54,"column":2},"end":{"line":54,"column":8}},"loc":{"start":{"line":54,"column":54},"end":{"line":57,"column":3}}},"3":{"name":"(anonymous_5)","decl":{"start":{"line":60,"column":0},"end":{"line":60,"column":13}},"loc":{"start":{"line":60,"column":0},"end":{"line":208,"column":1}}},"4":{"name":"(anonymous_6)","decl":{"start":{"line":68,"column":2},"end":{"line":68,"column":8}},"loc":{"start":{"line":68,"column":25},"end":{"line":74,"column":3}}},"5":{"name":"(anonymous_7)","decl":{"start":{"line":87,"column":10},"end":{"line":87,"column":13}},"loc":{"start":{"line":91,"column":24},"end":{"line":105,"column":3}}},"6":{"name":"(anonymous_8)","decl":{"start":{"line":107,"column":10},"end":{"line":107,"column":16}},"loc":{"start":{"line":111,"column":24},"end":{"line":124,"column":3}}},"7":{"name":"(anonymous_9)","decl":{"start":{"line":126,"column":10},"end":{"line":126,"column":16}},"loc":{"start":{"line":131,"column":24},"end":{"line":181,"column":3}}},"8":{"name":"(anonymous_10)","decl":{"start":{"line":158,"column":8},"end":{"line":158,"column":9}},"loc":{"start":{"line":158,"column":52},"end":{"line":163,"column":9}}},"9":{"name":"(anonymous_11)","decl":{"start":{"line":183,"column":10},"end":{"line":183,"column":20}},"loc":{"start":{"line":183,"column":64},"end":{"line":193,"column":3}}},"10":{"name":"(anonymous_12)","decl":{"start":{"line":195,"column":10},"end":{"line":195,"column":18}},"loc":{"start":{"line":195,"column":60},"end":{"line":199,"column":3}}},"11":{"name":"(anonymous_13)","decl":{"start":{"line":202,"column":10},"end":{"line":202,"column":17}},"loc":{"start":{"line":202,"column":65},"end":{"line":207,"column":3}}}},"branchMap":{},"s":{"0":2,"1":2,"2":2,"3":2,"4":34,"5":84,"6":2,"7":12,"8":12,"9":2,"10":30,"11":30,"12":30,"13":30,"14":30,"15":30,"16":30,"17":30,"18":2,"19":2,"20":24,"21":24,"22":24,"23":24,"24":24,"25":24,"26":3,"27":3,"28":3,"29":3,"30":3,"31":12,"32":12,"33":12,"34":12,"35":12,"36":12,"37":12,"38":12,"39":12,"40":12,"41":12,"42":12,"43":36,"44":12,"45":12,"46":12,"47":12,"48":12,"49":12,"50":12,"51":12,"52":3,"53":3,"54":3,"55":3,"56":3,"57":3,"58":3,"59":3,"60":3,"61":3,"62":3,"63":6,"64":6,"65":6,"66":6,"67":2,"68":2,"69":2,"70":2,"71":2,"72":2,"73":2,"74":2,"75":2,"76":2,"77":2,"78":2,"79":2},"f":{"0":34,"1":84,"2":12,"3":30,"4":2,"5":24,"6":3,"7":12,"8":36,"9":3,"10":3,"11":6},"b":{}}
,"/Users/mike/Documents/DeFi/zkCloudWorker/merkle-map-demo/src/base/proof.ts": {"path":"/Users/mike/Documents/DeFi/zkCloudWorker/merkle-map-demo/src/base/proof.ts","statementMap":{"0":{"start":{"line":1,"column":0},"end":{"line":1,"column":65}},"1":{"start":{"line":3,"column":0},"end":{"line":3,"column":null}},"2":{"start":{"line":9,"column":0},"end":{"line":9,"column":36}},"3":{"start":{"line":10,"column":0},"end":{"line":10,"column":39}},"4":{"start":{"line":18,"column":2},"end":{"line":18,"column":71}},"5":{"start":{"line":19,"column":2},"end":{"line":20,"column":55}},"6":{"start":{"line":20,"column":4},"end":{"line":20,"column":55}},"7":{"start":{"line":27,"column":32},"end":{"line":27,"column":34}},"8":{"start":{"line":29,"column":2},"end":{"line":46,"column":3}},"9":{"start":{"line":30,"column":20},"end":{"line":30,"column":33}},"10":{"start":{"line":31,"column":4},"end":{"line":45,"column":5}},"11":{"start":{"line":32,"column":6},"end":{"line":32,"column":49}},"12":{"start":{"line":33,"column":22},"end":{"line":33,"column":35}},"13":{"start":{"line":34,"column":21},"end":{"line":41,"column":8}},"14":{"start":{"line":42,"column":6},"end":{"line":42,"column":65}},"15":{"start":{"line":44,"column":6},"end":{"line":44,"column":58}},"16":{"start":{"line":48,"column":33},"end":{"line":48,"column":35}},"17":{"start":{"line":49,"column":2},"end":{"line":70,"column":3}},"18":{"start":{"line":49,"column":15},"end":{"line":49,"column":16}},"19":{"start":{"line":50,"column":18},"end":{"line":55,"column":null}},"20":{"start":{"line":58,"column":4},"end":{"line":58,"column":20}},"21":{"start":{"line":59,"column":18},"end":{"line":65,"column":null}},"22":{"start":{"line":67,"column":4},"end":{"line":67,"column":73}},"23":{"start":{"line":67,"column":17},"end":{"line":67,"column":73}},"24":{"start":{"line":68,"column":4},"end":{"line":68,"column":23}},"25":{"start":{"line":69,"column":4},"end":{"line":69,"column":74}},"26":{"start":{"line":69,"column":17},"end":{"line":69,"column":74}},"27":{"start":{"line":72,"column":2},"end":{"line":72,"column":35}},"28":{"start":{"line":73,"column":30},"end":{"line":73,"column":39}},"29":{"start":{"line":74,"column":2},"end":{"line":85,"column":3}},"30":{"start":{"line":74,"column":15},"end":{"line":74,"column":16}},"31":{"start":{"line":75,"column":18},"end":{"line":75,"column":79}},"32":{"start":{"line":76,"column":4},"end":{"line":76,"column":20}},"33":{"start":{"line":77,"column":38},"end":{"line":80,"column":null}},"34":{"start":{"line":82,"column":4},"end":{"line":82,"column":73}},"35":{"start":{"line":82,"column":17},"end":{"line":82,"column":73}},"36":{"start":{"line":83,"column":4},"end":{"line":83,"column":24}},"37":{"start":{"line":84,"column":4},"end":{"line":84,"column":71}},"38":{"start":{"line":84,"column":17},"end":{"line":84,"column":71}},"39":{"start":{"line":88,"column":17},"end":{"line":88,"column":29}},"40":{"start":{"line":89,"column":18},"end":{"line":89,"column":31}},"41":{"start":{"line":90,"column":32},"end":{"line":90,"column":66}},"42":{"start":{"line":91,"column":4},"end":{"line":91,"column":22}},"43":{"start":{"line":93,"column":38},"end":{"line":95,"column":null}},"44":{"start":{"line":98,"column":2},"end":{"line":98,"column":64}},"45":{"start":{"line":99,"column":2},"end":{"line":101,"column":3}},"46":{"start":{"line":100,"column":4},"end":{"line":100,"column":48}},"47":{"start":{"line":103,"column":2},"end":{"line":103,"column":15}},"48":{"start":{"line":12,"column":0},"end":{"line":12,"column":7}},"49":{"start":{"line":110,"column":2},"end":{"line":110,"column":74}},"50":{"start":{"line":111,"column":33},"end":{"line":111,"column":35}},"51":{"start":{"line":120,"column":17},"end":{"line":120,"column":29}},"52":{"start":{"line":121,"column":18},"end":{"line":121,"column":31}},"53":{"start":{"line":122,"column":32},"end":{"line":122,"column":66}},"54":{"start":{"line":123,"column":4},"end":{"line":123,"column":22}},"55":{"start":{"line":126,"column":32},"end":{"line":126,"column":34}},"56":{"start":{"line":128,"column":2},"end":{"line":145,"column":3}},"57":{"start":{"line":129,"column":20},"end":{"line":129,"column":33}},"58":{"start":{"line":130,"column":4},"end":{"line":144,"column":5}},"59":{"start":{"line":131,"column":6},"end":{"line":131,"column":49}},"60":{"start":{"line":132,"column":22},"end":{"line":132,"column":35}},"61":{"start":{"line":133,"column":21},"end":{"line":140,"column":8}},"62":{"start":{"line":141,"column":6},"end":{"line":141,"column":65}},"63":{"start":{"line":143,"column":6},"end":{"line":143,"column":58}},"64":{"start":{"line":147,"column":32},"end":{"line":147,"column":34}},"65":{"start":{"line":148,"column":2},"end":{"line":181,"column":3}},"66":{"start":{"line":148,"column":15},"end":{"line":148,"column":16}},"67":{"start":{"line":149,"column":4},"end":{"line":152,"column":6}},"68":{"start":{"line":153,"column":4},"end":{"line":180,"column":5}},"69":{"start":{"line":154,"column":21},"end":{"line":154,"column":38}},"70":{"start":{"line":155,"column":6},"end":{"line":155,"column":71}},"71":{"start":{"line":155,"column":32},"end":{"line":155,"column":71}},"72":{"start":{"line":156,"column":20},"end":{"line":156,"column":69}},"73":{"start":{"line":157,"column":6},"end":{"line":157,"column":25}},"74":{"start":{"line":158,"column":17},"end":{"line":163,"column":8}},"75":{"start":{"line":160,"column":43},"end":{"line":160,"column":53}},"76":{"start":{"line":162,"column":45},"end":{"line":162,"column":55}},"77":{"start":{"line":164,"column":6},"end":{"line":164,"column":53}},"78":{"start":{"line":166,"column":20},"end":{"line":169,"column":null}},"79":{"start":{"line":171,"column":17},"end":{"line":177,"column":8}},"80":{"start":{"line":173,"column":43},"end":{"line":173,"column":53}},"81":{"start":{"line":178,"column":6},"end":{"line":178,"column":53}},"82":{"start":{"line":179,"column":6},"end":{"line":179,"column":25}},"83":{"start":{"line":183,"column":29},"end":{"line":183,"column":38}},"84":{"start":{"line":184,"column":2},"end":{"line":187,"column":3}},"85":{"start":{"line":184,"column":15},"end":{"line":184,"column":16}},"86":{"start":{"line":185,"column":21},"end":{"line":185,"column":58}},"87":{"start":{"line":186,"column":4},"end":{"line":186,"column":21}},"88":{"start":{"line":189,"column":2},"end":{"line":189,"column":51}},"89":{"start":{"line":106,"column":0},"end":{"line":106,"column":7}}},"fnMap":{"0":{"name":"calculateProof","decl":{"start":{"line":12,"column":22},"end":{"line":12,"column":36}},"loc":{"start":{"line":16,"column":26},"end":{"line":104,"column":1}}},"1":{"name":"isAccepted","decl":{"start":{"line":87,"column":11},"end":{"line":87,"column":21}},"loc":{"start":{"line":87,"column":41},"end":{"line":92,"column":3}}},"2":{"name":"prepareProofData","decl":{"start":{"line":106,"column":22},"end":{"line":106,"column":38}},"loc":{"start":{"line":108,"column":16},"end":{"line":190,"column":1}}},"3":{"name":"isAccepted","decl":{"start":{"line":119,"column":11},"end":{"line":119,"column":21}},"loc":{"start":{"line":119,"column":41},"end":{"line":124,"column":3}}},"4":{"name":"(anonymous_4)","decl":{"start":{"line":160,"column":36},"end":{"line":160,"column":37}},"loc":{"start":{"line":160,"column":43},"end":{"line":160,"column":53}}},"5":{"name":"(anonymous_5)","decl":{"start":{"line":162,"column":38},"end":{"line":162,"column":39}},"loc":{"start":{"line":162,"column":45},"end":{"line":162,"column":55}}},"6":{"name":"(anonymous_6)","decl":{"start":{"line":173,"column":36},"end":{"line":173,"column":37}},"loc":{"start":{"line":173,"column":43},"end":{"line":173,"column":53}}}},"branchMap":{"0":{"loc":{"start":{"line":16,"column":2},"end":{"line":16,"column":26}},"type":"default-arg","locations":[{"start":{"line":16,"column":21},"end":{"line":16,"column":26}}]},"1":{"loc":{"start":{"line":19,"column":2},"end":{"line":20,"column":55}},"type":"if","locations":[{"start":{"line":19,"column":2},"end":{"line":20,"column":55}}]},"2":{"loc":{"start":{"line":31,"column":4},"end":{"line":45,"column":5}},"type":"if","locations":[{"start":{"line":31,"column":4},"end":{"line":45,"column":5}},{"start":{"line":43,"column":11},"end":{"line":45,"column":5}}]},"3":{"loc":{"start":{"line":50,"column":18},"end":{"line":55,"column":null}},"type":"cond-expr","locations":[{"start":{"line":51,"column":8},"end":{"line":51,"column":69}},{"start":{"line":52,"column":8},"end":{"line":55,"column":null}}]},"4":{"loc":{"start":{"line":59,"column":18},"end":{"line":65,"column":null}},"type":"cond-expr","locations":[{"start":{"line":60,"column":8},"end":{"line":60,"column":78}},{"start":{"line":61,"column":8},"end":{"line":65,"column":null}}]},"5":{"loc":{"start":{"line":67,"column":4},"end":{"line":67,"column":73}},"type":"if","locations":[{"start":{"line":67,"column":4},"end":{"line":67,"column":73}}]},"6":{"loc":{"start":{"line":69,"column":4},"end":{"line":69,"column":74}},"type":"if","locations":[{"start":{"line":69,"column":4},"end":{"line":69,"column":74}}]},"7":{"loc":{"start":{"line":82,"column":4},"end":{"line":82,"column":73}},"type":"if","locations":[{"start":{"line":82,"column":4},"end":{"line":82,"column":73}}]},"8":{"loc":{"start":{"line":84,"column":4},"end":{"line":84,"column":71}},"type":"if","locations":[{"start":{"line":84,"column":4},"end":{"line":84,"column":71}}]},"9":{"loc":{"start":{"line":99,"column":2},"end":{"line":101,"column":3}},"type":"if","locations":[{"start":{"line":99,"column":2},"end":{"line":101,"column":3}}]},"10":{"loc":{"start":{"line":130,"column":4},"end":{"line":144,"column":5}},"type":"if","locations":[{"start":{"line":130,"column":4},"end":{"line":144,"column":5}},{"start":{"line":142,"column":11},"end":{"line":144,"column":5}}]},"11":{"loc":{"start":{"line":153,"column":4},"end":{"line":180,"column":5}},"type":"if","locations":[{"start":{"line":153,"column":4},"end":{"line":180,"column":5}},{"start":{"line":165,"column":11},"end":{"line":180,"column":5}}]},"12":{"loc":{"start":{"line":155,"column":6},"end":{"line":155,"column":71}},"type":"if","locations":[{"start":{"line":155,"column":6},"end":{"line":155,"column":71}}]}},"s":{"0":1,"1":1,"2":1,"3":1,"4":3,"5":3,"6":0,"7":3,"8":3,"9":7,"10":7,"11":6,"12":6,"13":6,"14":6,"15":1,"16":3,"17":3,"18":3,"19":7,"20":7,"21":7,"22":7,"23":3,"24":7,"25":7,"26":7,"27":3,"28":3,"29":3,"30":3,"31":4,"32":4,"33":4,"34":4,"35":2,"36":4,"37":4,"38":4,"39":7,"40":7,"41":7,"42":7,"43":3,"44":3,"45":3,"46":0,"47":3,"48":1,"49":0,"50":0,"51":0,"52":0,"53":0,"54":0,"55":0,"56":0,"57":0,"58":0,"59":0,"60":0,"61":0,"62":0,"63":0,"64":0,"65":0,"66":0,"67":0,"68":0,"69":0,"70":0,"71":0,"72":0,"73":0,"74":0,"75":0,"76":0,"77":0,"78":0,"79":0,"80":0,"81":0,"82":0,"83":0,"84":0,"85":0,"86":0,"87":0,"88":0,"89":1},"f":{"0":3,"1":7,"2":0,"3":0,"4":0,"5":0,"6":0},"b":{"0":[0],"1":[0],"2":[6,1],"3":[6,1],"4":[6,1],"5":[3],"6":[7],"7":[2],"8":[4],"9":[0],"10":[0,0],"11":[0,0],"12":[0]}}
,"/Users/mike/Documents/DeFi/zkCloudWorker/merkle-map-demo/src/base/update.ts": {"path":"/Users/mike/Documents/DeFi/zkCloudWorker/merkle-map-demo/src/base/update.ts","statementMap":{"0":{"start":{"line":2,"column":0},"end":{"line":2,"column":null}},"1":{"start":{"line":21,"column":4},"end":{"line":28,"column":6}},"2":{"start":{"line":32,"column":4},"end":{"line":39,"column":7}},"3":{"start":{"line":1,"column":51},"end":{"line":1,"column":64}},"4":{"start":{"line":51,"column":6},"end":{"line":51,"column":55}},"5":{"start":{"line":52,"column":4},"end":{"line":52,"column":55}},"6":{"start":{"line":53,"column":4},"end":{"line":53,"column":44}},"7":{"start":{"line":55,"column":38},"end":{"line":56,"column":null}},"8":{"start":{"line":58,"column":4},"end":{"line":58,"column":54}},"9":{"start":{"line":59,"column":24},"end":{"line":59,"column":57}},"10":{"start":{"line":60,"column":4},"end":{"line":60,"column":46}},"11":{"start":{"line":62,"column":4},"end":{"line":67,"column":7}},"12":{"start":{"line":71,"column":4},"end":{"line":76,"column":7}},"13":{"start":{"line":80,"column":4},"end":{"line":80,"column":58}},"14":{"start":{"line":81,"column":4},"end":{"line":86,"column":7}},"15":{"start":{"line":90,"column":4},"end":{"line":90,"column":58}},"16":{"start":{"line":91,"column":4},"end":{"line":91,"column":58}},"17":{"start":{"line":92,"column":4},"end":{"line":92,"column":52}},"18":{"start":{"line":93,"column":4},"end":{"line":93,"column":54}},"19":{"start":{"line":97,"column":4},"end":{"line":97,"column":63}},"20":{"start":{"line":101,"column":4},"end":{"line":106,"column":7}},"21":{"start":{"line":1,"column":20},"end":{"line":1,"column":33}},"22":{"start":{"line":110,"column":18},"end":{"line":156,"column":2}},"23":{"start":{"line":119,"column":30},"end":{"line":119,"column":67}},"24":{"start":{"line":120,"column":8},"end":{"line":120,"column":57}},"25":{"start":{"line":133,"column":30},"end":{"line":133,"column":70}},"26":{"start":{"line":134,"column":8},"end":{"line":134,"column":57}},"27":{"start":{"line":146,"column":8},"end":{"line":146,"column":24}},"28":{"start":{"line":147,"column":8},"end":{"line":147,"column":24}},"29":{"start":{"line":148,"column":30},"end":{"line":150,"column":null}},"30":{"start":{"line":152,"column":8},"end":{"line":152,"column":60}},"31":{"start":{"line":1,"column":9},"end":{"line":1,"column":18}},"32":{"start":{"line":1,"column":35},"end":{"line":1,"column":49}}},"fnMap":{"0":{"name":"(anonymous_0)","decl":{"start":{"line":20,"column":2},"end":{"line":20,"column":10}},"loc":{"start":{"line":20,"column":10},"end":{"line":29,"column":3}}},"1":{"name":"(anonymous_1)","decl":{"start":{"line":31,"column":2},"end":{"line":31,"column":8}},"loc":{"start":{"line":31,"column":35},"end":{"line":40,"column":3}}},"2":{"name":"(anonymous_2)","decl":{"start":{"line":49,"column":2},"end":{"line":49,"column":8}},"loc":{"start":{"line":49,"column":57},"end":{"line":68,"column":3}}},"3":{"name":"(anonymous_3)","decl":{"start":{"line":70,"column":2},"end":{"line":70,"column":8}},"loc":{"start":{"line":70,"column":59},"end":{"line":77,"column":3}}},"4":{"name":"(anonymous_4)","decl":{"start":{"line":79,"column":2},"end":{"line":79,"column":8}},"loc":{"start":{"line":79,"column":69},"end":{"line":87,"column":3}}},"5":{"name":"(anonymous_5)","decl":{"start":{"line":89,"column":2},"end":{"line":89,"column":8}},"loc":{"start":{"line":89,"column":76},"end":{"line":94,"column":3}}},"6":{"name":"(anonymous_6)","decl":{"start":{"line":96,"column":2},"end":{"line":96,"column":10}},"loc":{"start":{"line":96,"column":10},"end":{"line":98,"column":3}}},"7":{"name":"(anonymous_7)","decl":{"start":{"line":100,"column":2},"end":{"line":100,"column":8}},"loc":{"start":{"line":100,"column":35},"end":{"line":107,"column":3}}},"8":{"name":"(anonymous_8)","decl":{"start":{"line":118,"column":6},"end":{"line":118,"column":12}},"loc":{"start":{"line":118,"column":76},"end":{"line":121,"column":7}}},"9":{"name":"(anonymous_9)","decl":{"start":{"line":127,"column":6},"end":{"line":127,"column":12}},"loc":{"start":{"line":131,"column":26},"end":{"line":135,"column":7}}},"10":{"name":"(anonymous_10)","decl":{"start":{"line":141,"column":6},"end":{"line":141,"column":12}},"loc":{"start":{"line":144,"column":46},"end":{"line":153,"column":7}}}},"branchMap":{},"s":{"0":2,"1":0,"2":10,"3":2,"4":16,"5":16,"6":16,"7":16,"8":16,"9":16,"10":16,"11":16,"12":6,"13":12,"14":12,"15":23,"16":23,"17":23,"18":23,"19":18,"20":56,"21":2,"22":2,"23":10,"24":10,"25":5,"26":5,"27":8,"28":8,"29":8,"30":8,"31":2,"32":2},"f":{"0":0,"1":10,"2":16,"3":6,"4":12,"5":23,"6":18,"7":56,"8":10,"9":5,"10":8},"b":{}}
,"/Users/mike/Documents/DeFi/zkCloudWorker/merkle-map-demo/src/lib/fast-merkle-map.ts": {"path":"/Users/mike/Documents/DeFi/zkCloudWorker/merkle-map-demo/src/lib/fast-merkle-map.ts","statementMap":{"0":{"start":{"line":2,"column":0},"end":{"line":2,"column":52}},"1":{"start":{"line":4,"column":13},"end":{"line":4,"column":16}},"2":{"start":{"line":15,"column":4},"end":{"line":15,"column":45}},"3":{"start":{"line":20,"column":18},"end":{"line":24,"column":32}},"4":{"start":{"line":24,"column":18},"end":{"line":24,"column":31}},"5":{"start":{"line":26,"column":12},"end":{"line":26,"column":14}},"6":{"start":{"line":27,"column":4},"end":{"line":30,"column":5}},"7":{"start":{"line":27,"column":17},"end":{"line":27,"column":18}},"8":{"start":{"line":28,"column":16},"end":{"line":28,"column":34}},"9":{"start":{"line":29,"column":6},"end":{"line":29,"column":39}},"10":{"start":{"line":32,"column":4},"end":{"line":32,"column":13}},"11":{"start":{"line":36,"column":18},"end":{"line":43,"column":6}},"12":{"start":{"line":37,"column":20},"end":{"line":37,"column":46}},"13":{"start":{"line":38,"column":6},"end":{"line":42,"column":8}},"14":{"start":{"line":45,"column":4},"end":{"line":45,"column":31}},"15":{"start":{"line":54,"column":18},"end":{"line":54,"column":39}},"16":{"start":{"line":55,"column":4},"end":{"line":55,"column":36}},"17":{"start":{"line":64,"column":18},"end":{"line":64,"column":39}},"18":{"start":{"line":65,"column":4},"end":{"line":65,"column":39}},"19":{"start":{"line":73,"column":4},"end":{"line":73,"column":31}},"20":{"start":{"line":11,"column":0},"end":{"line":11,"column":13}}},"fnMap":{"0":{"name":"(anonymous_0)","decl":{"start":{"line":14,"column":2},"end":{"line":14,"column":null}},"loc":{"start":{"line":14,"column":2},"end":{"line":16,"column":3}}},"1":{"name":"(anonymous_1)","decl":{"start":{"line":18,"column":2},"end":{"line":18,"column":13}},"loc":{"start":{"line":18,"column":24},"end":{"line":33,"column":3}}},"2":{"name":"(anonymous_2)","decl":{"start":{"line":24,"column":11},"end":{"line":24,"column":12}},"loc":{"start":{"line":24,"column":18},"end":{"line":24,"column":31}}},"3":{"name":"(anonymous_3)","decl":{"start":{"line":35,"column":9},"end":{"line":35,"column":18}},"loc":{"start":{"line":35,"column":45},"end":{"line":46,"column":3}}},"4":{"name":"(anonymous_4)","decl":{"start":{"line":36,"column":29},"end":{"line":36,"column":30}},"loc":{"start":{"line":36,"column":38},"end":{"line":43,"column":5}}},"5":{"name":"(anonymous_5)","decl":{"start":{"line":53,"column":2},"end":{"line":53,"column":5}},"loc":{"start":{"line":53,"column":30},"end":{"line":56,"column":3}}},"6":{"name":"(anonymous_6)","decl":{"start":{"line":63,"column":2},"end":{"line":63,"column":5}},"loc":{"start":{"line":63,"column":16},"end":{"line":66,"column":3}}},"7":{"name":"(anonymous_7)","decl":{"start":{"line":72,"column":2},"end":{"line":72,"column":9}},"loc":{"start":{"line":72,"column":9},"end":{"line":74,"column":3}}}},"branchMap":{"0":{"loc":{"start":{"line":28,"column":16},"end":{"line":28,"column":34}},"type":"cond-expr","locations":[{"start":{"line":28,"column":29},"end":{"line":28,"column":30}},{"start":{"line":28,"column":33},"end":{"line":28,"column":34}}]}},"s":{"0":1,"1":1,"2":1,"3":100,"4":25500,"5":100,"6":100,"7":100,"8":25500,"9":25500,"10":100,"11":1,"12":100,"13":100,"14":1,"15":0,"16":0,"17":0,"18":0,"19":1,"20":1},"f":{"0":1,"1":100,"2":25500,"3":1,"4":100,"5":0,"6":0,"7":1},"b":{"0":[12326,13174]}}
,"/Users/mike/Documents/DeFi/zkCloudWorker/merkle-map-demo/src/lib/fast-merkle-tree.ts": {"path":"/Users/mike/Documents/DeFi/zkCloudWorker/merkle-map-demo/src/lib/fast-merkle-tree.ts","statementMap":{"0":{"start":{"line":1,"column":0},"end":{"line":1,"column":39}},"1":{"start":{"line":22,"column":4},"end":{"line":22,"column":25}},"2":{"start":{"line":23,"column":4},"end":{"line":23,"column":20}},"3":{"start":{"line":24,"column":4},"end":{"line":24,"column":26}},"4":{"start":{"line":25,"column":4},"end":{"line":25,"column":18}},"5":{"start":{"line":29,"column":4},"end":{"line":29,"column":41}},"6":{"start":{"line":30,"column":4},"end":{"line":30,"column":30}},"7":{"start":{"line":31,"column":4},"end":{"line":33,"column":5}},"8":{"start":{"line":31,"column":17},"end":{"line":31,"column":18}},"9":{"start":{"line":32,"column":6},"end":{"line":32,"column":79}},"10":{"start":{"line":37,"column":4},"end":{"line":39,"column":5}},"11":{"start":{"line":38,"column":6},"end":{"line":38,"column":70}},"12":{"start":{"line":41,"column":4},"end":{"line":41,"column":28}},"13":{"start":{"line":43,"column":4},"end":{"line":43,"column":26}},"14":{"start":{"line":45,"column":27},"end":{"line":45,"column":40}},"15":{"start":{"line":46,"column":4},"end":{"line":48,"column":5}},"16":{"start":{"line":47,"column":6},"end":{"line":47,"column":16}},"17":{"start":{"line":50,"column":18},"end":{"line":54,"column":7}},"18":{"start":{"line":50,"column":75},"end":{"line":54,"column":6}},"19":{"start":{"line":56,"column":4},"end":{"line":56,"column":26}},"20":{"start":{"line":60,"column":4},"end":{"line":60,"column":45}},"21":{"start":{"line":64,"column":4},"end":{"line":66,"column":5}},"22":{"start":{"line":65,"column":6},"end":{"line":65,"column":50}},"23":{"start":{"line":68,"column":19},"end":{"line":68,"column":36}},"24":{"start":{"line":70,"column":4},"end":{"line":76,"column":5}},"25":{"start":{"line":70,"column":17},"end":{"line":70,"column":18}},"26":{"start":{"line":71,"column":27},"end":{"line":71,"column":42}},"27":{"start":{"line":72,"column":26},"end":{"line":72,"column":67}},"28":{"start":{"line":73,"column":6},"end":{"line":73,"column":32}},"29":{"start":{"line":75,"column":6},"end":{"line":75,"column":51}},"30":{"start":{"line":78,"column":4},"end":{"line":98,"column":5}},"31":{"start":{"line":78,"column":21},"end":{"line":78,"column":22}},"32":{"start":{"line":79,"column":35},"end":{"line":79,"column":52}},"33":{"start":{"line":81,"column":6},"end":{"line":81,"column":35}},"34":{"start":{"line":83,"column":6},"end":{"line":95,"column":7}},"35":{"start":{"line":84,"column":28},"end":{"line":84,"column":69}},"36":{"start":{"line":85,"column":8},"end":{"line":85,"column":46}},"37":{"start":{"line":87,"column":26},"end":{"line":87,"column":68}},"38":{"start":{"line":88,"column":27},"end":{"line":88,"column":74}},"39":{"start":{"line":90,"column":8},"end":{"line":94,"column":11}},"40":{"start":{"line":97,"column":6},"end":{"line":97,"column":38}},"41":{"start":{"line":102,"column":4},"end":{"line":102,"column":71}},"42":{"start":{"line":106,"column":4},"end":{"line":106,"column":51}},"43":{"start":{"line":110,"column":4},"end":{"line":110,"column":73}},"44":{"start":{"line":114,"column":4},"end":{"line":116,"column":5}},"45":{"start":{"line":115,"column":6},"end":{"line":115,"column":21}},"46":{"start":{"line":118,"column":4},"end":{"line":122,"column":7}},"47":{"start":{"line":126,"column":4},"end":{"line":126,"column":41}},"48":{"start":{"line":15,"column":0},"end":{"line":15,"column":13}}},"fnMap":{"0":{"name":"(anonymous_0)","decl":{"start":{"line":21,"column":2},"end":{"line":21,"column":14}},"loc":{"start":{"line":21,"column":28},"end":{"line":26,"column":3}}},"1":{"name":"(anonymous_1)","decl":{"start":{"line":28,"column":10},"end":{"line":28,"column":24}},"loc":{"start":{"line":28,"column":24},"end":{"line":34,"column":3}}},"2":{"name":"(anonymous_2)","decl":{"start":{"line":36,"column":10},"end":{"line":36,"column":31}},"loc":{"start":{"line":36,"column":49},"end":{"line":57,"column":3}}},"3":{"name":"(anonymous_3)","decl":{"start":{"line":50,"column":53},"end":{"line":50,"column":54}},"loc":{"start":{"line":50,"column":75},"end":{"line":54,"column":6}}},"4":{"name":"(anonymous_4)","decl":{"start":{"line":59,"column":9},"end":{"line":59,"column":16}},"loc":{"start":{"line":59,"column":16},"end":{"line":61,"column":3}}},"5":{"name":"(anonymous_5)","decl":{"start":{"line":63,"column":9},"end":{"line":63,"column":18}},"loc":{"start":{"line":63,"column":39},"end":{"line":99,"column":3}}},"6":{"name":"(anonymous_6)","decl":{"start":{"line":101,"column":9},"end":{"line":101,"column":16}},"loc":{"start":{"line":101,"column":45},"end":{"line":103,"column":3}}},"7":{"name":"(anonymous_7)","decl":{"start":{"line":105,"column":9},"end":{"line":105,"column":20}},"loc":{"start":{"line":105,"column":49},"end":{"line":107,"column":3}}},"8":{"name":"(anonymous_8)","decl":{"start":{"line":109,"column":9},"end":{"line":109,"column":16}},"loc":{"start":{"line":109,"column":33},"end":{"line":111,"column":3}}},"9":{"name":"(anonymous_9)","decl":{"start":{"line":113,"column":9},"end":{"line":113,"column":16}},"loc":{"start":{"line":113,"column":45},"end":{"line":123,"column":3}}},"10":{"name":"(anonymous_10)","decl":{"start":{"line":125,"column":2},"end":{"line":125,"column":6}},"loc":{"start":{"line":125,"column":15},"end":{"line":127,"column":3}}}},"branchMap":{"0":{"loc":{"start":{"line":37,"column":4},"end":{"line":39,"column":5}},"type":"if","locations":[{"start":{"line":37,"column":4},"end":{"line":39,"column":5}}]},"1":{"loc":{"start":{"line":46,"column":4},"end":{"line":48,"column":5}},"type":"if","locations":[{"start":{"line":46,"column":4},"end":{"line":48,"column":5}}]},"2":{"loc":{"start":{"line":64,"column":4},"end":{"line":66,"column":5}},"type":"if","locations":[{"start":{"line":64,"column":4},"end":{"line":66,"column":5}}]},"3":{"loc":{"start":{"line":102,"column":11},"end":{"line":102,"column":70}},"type":"binary-expr","locations":[{"start":{"line":102,"column":11},"end":{"line":102,"column":48}},{"start":{"line":102,"column":52},"end":{"line":102,"column":70}}]},"4":{"loc":{"start":{"line":114,"column":4},"end":{"line":116,"column":5}},"type":"if","locations":[{"start":{"line":114,"column":4},"end":{"line":116,"column":5}}]}},"s":{"0":2,"1":2,"2":2,"3":2,"4":2,"5":2,"6":2,"7":2,"8":2,"9":274,"10":0,"11":0,"12":0,"13":0,"14":0,"15":0,"16":0,"17":0,"18":0,"19":0,"20":2,"21":2,"22":0,"23":2,"24":2,"25":2,"26":10100,"27":10100,"28":10100,"29":10100,"30":2,"31":2,"32":274,"33":274,"34":274,"35":34644,"36":34644,"37":34644,"38":34644,"39":34644,"40":274,"41":69290,"42":10100,"43":44744,"44":10100,"45":10100,"46":10100,"47":2,"48":2},"f":{"0":2,"1":2,"2":0,"3":0,"4":2,"5":2,"6":69290,"7":10100,"8":44744,"9":10100,"10":2},"b":{"0":[0],"1":[0],"2":[0],"3":[69290,24546],"4":[10100]}}
,"/Users/mike/Documents/DeFi/zkCloudWorker/merkle-map-demo/src/lib/gc.ts": {"path":"/Users/mike/Documents/DeFi/zkCloudWorker/merkle-map-demo/src/lib/gc.ts","statementMap":{"0":{"start":{"line":1,"column":0},"end":{"line":1,"column":38}},"1":{"start":{"line":10,"column":2},"end":{"line":10,"column":19}},"2":{"start":{"line":11,"column":2},"end":{"line":23,"column":3}},"3":{"start":{"line":12,"column":24},"end":{"line":12,"column":45}},"4":{"start":{"line":13,"column":4},"end":{"line":13,"column":75}},"5":{"start":{"line":13,"column":33},"end":{"line":13,"column":75}},"6":{"start":{"line":14,"column":4},"end":{"line":14,"column":16}},"7":{"start":{"line":15,"column":24},"end":{"line":15,"column":45}},"8":{"start":{"line":16,"column":4},"end":{"line":22,"column":5}},"9":{"start":{"line":17,"column":6},"end":{"line":21,"column":8}},"10":{"start":{"line":9,"column":0},"end":{"line":9,"column":7}}},"fnMap":{"0":{"name":"collect","decl":{"start":{"line":9,"column":22},"end":{"line":9,"column":29}},"loc":{"start":{"line":9,"column":67},"end":{"line":24,"column":1}}}},"branchMap":{"0":{"loc":{"start":{"line":9,"column":30},"end":{"line":9,"column":67}},"type":"default-arg","locations":[{"start":{"line":9,"column":62},"end":{"line":9,"column":67}}]},"1":{"loc":{"start":{"line":11,"column":2},"end":{"line":23,"column":3}},"type":"if","locations":[{"start":{"line":11,"column":2},"end":{"line":23,"column":3}}]},"2":{"loc":{"start":{"line":13,"column":4},"end":{"line":13,"column":75}},"type":"if","locations":[{"start":{"line":13,"column":4},"end":{"line":13,"column":75}}]},"3":{"loc":{"start":{"line":16,"column":4},"end":{"line":22,"column":5}},"type":"if","locations":[{"start":{"line":16,"column":4},"end":{"line":22,"column":5}}]}},"s":{"0":2,"1":48,"2":48,"3":0,"4":0,"5":0,"6":0,"7":0,"8":0,"9":0,"10":2},"f":{"0":48},"b":{"0":[48],"1":[0],"2":[0],"3":[0]}}
,"/Users/mike/Documents/DeFi/zkCloudWorker/merkle-map-demo/src/lib/hash.ts": {"path":"/Users/mike/Documents/DeFi/zkCloudWorker/merkle-map-demo/src/lib/hash.ts","statementMap":{"0":{"start":{"line":1,"column":0},"end":{"line":1,"column":58}},"1":{"start":{"line":4,"column":13},"end":{"line":4,"column":25}},"2":{"start":{"line":5,"column":2},"end":{"line":5,"column":41}},"3":{"start":{"line":3,"column":0},"end":{"line":3,"column":16}},"4":{"start":{"line":9,"column":18},"end":{"line":9,"column":35}},"5":{"start":{"line":10,"column":2},"end":{"line":10,"column":65}},"6":{"start":{"line":10,"column":34},"end":{"line":10,"column":65}},"7":{"start":{"line":11,"column":20},"end":{"line":11,"column":41}},"8":{"start":{"line":12,"column":2},"end":{"line":14,"column":4}},"9":{"start":{"line":8,"column":0},"end":{"line":8,"column":16}},"10":{"start":{"line":18,"column":2},"end":{"line":18,"column":36}},"11":{"start":{"line":17,"column":0},"end":{"line":17,"column":16}},"12":{"start":{"line":22,"column":2},"end":{"line":22,"column":43}},"13":{"start":{"line":21,"column":0},"end":{"line":21,"column":16}},"14":{"start":{"line":26,"column":19},"end":{"line":26,"column":41}},"15":{"start":{"line":27,"column":2},"end":{"line":27,"column":62}},"16":{"start":{"line":25,"column":0},"end":{"line":25,"column":16}},"17":{"start":{"line":31,"column":2},"end":{"line":31,"column":36}},"18":{"start":{"line":30,"column":0},"end":{"line":30,"column":16}},"19":{"start":{"line":34,"column":17},"end":{"line":37,"column":2}},"20":{"start":{"line":40,"column":2},"end":{"line":40,"column":65}},"21":{"start":{"line":43,"column":2},"end":{"line":43,"column":66}},"22":{"start":{"line":46,"column":16},"end":{"line":46,"column":33}},"23":{"start":{"line":49,"column":2},"end":{"line":49,"column":32}},"24":{"start":{"line":60,"column":2},"end":{"line":60,"column":25}},"25":{"start":{"line":64,"column":13},"end":{"line":64,"column":65}},"26":{"start":{"line":64,"column":31},"end":{"line":64,"column":64}},"27":{"start":{"line":64,"column":46},"end":{"line":64,"column":63}},"28":{"start":{"line":65,"column":13},"end":{"line":65,"column":31}},"29":{"start":{"line":66,"column":2},"end":{"line":66,"column":24}},"30":{"start":{"line":69,"column":16},"end":{"line":94,"column":2}},"31":{"start":{"line":71,"column":15},"end":{"line":71,"column":59}},"32":{"start":{"line":72,"column":4},"end":{"line":72,"column":30}},"33":{"start":{"line":75,"column":20},"end":{"line":75,"column":57}},"34":{"start":{"line":76,"column":15},"end":{"line":79,"column":6}},"35":{"start":{"line":80,"column":4},"end":{"line":80,"column":52}},"36":{"start":{"line":83,"column":4},"end":{"line":83,"column":76}},"37":{"start":{"line":86,"column":4},"end":{"line":86,"column":38}},"38":{"start":{"line":89,"column":4},"end":{"line":89,"column":63}},"39":{"start":{"line":92,"column":4},"end":{"line":92,"column":80}}},"fnMap":{"0":{"name":"hashWithPrefix","decl":{"start":{"line":3,"column":16},"end":{"line":3,"column":30}},"loc":{"start":{"line":3,"column":61},"end":{"line":6,"column":1}}},"1":{"name":"prefixToField","decl":{"start":{"line":8,"column":16},"end":{"line":8,"column":29}},"loc":{"start":{"line":8,"column":44},"end":{"line":15,"column":1}}},"2":{"name":"stringToFields","decl":{"start":{"line":17,"column":16},"end":{"line":17,"column":30}},"loc":{"start":{"line":17,"column":40},"end":{"line":19,"column":1}}},"3":{"name":"stringFromFields","decl":{"start":{"line":21,"column":16},"end":{"line":21,"column":32}},"loc":{"start":{"line":21,"column":48},"end":{"line":23,"column":1}}},"4":{"name":"calculateActionsHash","decl":{"start":{"line":25,"column":16},"end":{"line":25,"column":36}},"loc":{"start":{"line":25,"column":76},"end":{"line":28,"column":1}}},"5":{"name":"emptyActionsHash","decl":{"start":{"line":30,"column":16},"end":{"line":30,"column":32}},"loc":{"start":{"line":30,"column":32},"end":{"line":32,"column":1}}},"6":{"name":"initialState","decl":{"start":{"line":39,"column":9},"end":{"line":39,"column":21}},"loc":{"start":{"line":39,"column":21},"end":{"line":41,"column":1}}},"7":{"name":"salt","decl":{"start":{"line":42,"column":9},"end":{"line":42,"column":13}},"loc":{"start":{"line":42,"column":28},"end":{"line":44,"column":1}}},"8":{"name":"stringToBytes","decl":{"start":{"line":48,"column":9},"end":{"line":48,"column":22}},"loc":{"start":{"line":48,"column":32},"end":{"line":50,"column":1}}},"9":{"name":"emptyHashWithPrefix","decl":{"start":{"line":59,"column":9},"end":{"line":59,"column":28}},"loc":{"start":{"line":59,"column":43},"end":{"line":61,"column":1}}},"10":{"name":"fromJSON","decl":{"start":{"line":63,"column":9},"end":{"line":63,"column":17}},"loc":{"start":{"line":63,"column":34},"end":{"line":67,"column":1}}},"11":{"name":"(anonymous_11)","decl":{"start":{"line":64,"column":22},"end":{"line":64,"column":23}},"loc":{"start":{"line":64,"column":31},"end":{"line":64,"column":64}}},"12":{"name":"(anonymous_12)","decl":{"start":{"line":64,"column":39},"end":{"line":64,"column":40}},"loc":{"start":{"line":64,"column":46},"end":{"line":64,"column":63}}},"13":{"name":"(anonymous_13)","decl":{"start":{"line":70,"column":2},"end":{"line":70,"column":7}},"loc":{"start":{"line":70,"column":7},"end":{"line":73,"column":3}}},"14":{"name":"(anonymous_14)","decl":{"start":{"line":74,"column":2},"end":{"line":74,"column":11}},"loc":{"start":{"line":74,"column":41},"end":{"line":81,"column":3}}},"15":{"name":"(anonymous_15)","decl":{"start":{"line":82,"column":2},"end":{"line":82,"column":10}},"loc":{"start":{"line":82,"column":26},"end":{"line":84,"column":3}}},"16":{"name":"(anonymous_16)","decl":{"start":{"line":85,"column":2},"end":{"line":85,"column":6}},"loc":{"start":{"line":85,"column":22},"end":{"line":87,"column":3}}},"17":{"name":"(anonymous_17)","decl":{"start":{"line":88,"column":2},"end":{"line":88,"column":18}},"loc":{"start":{"line":88,"column":18},"end":{"line":90,"column":3}}},"18":{"name":"(anonymous_18)","decl":{"start":{"line":91,"column":2},"end":{"line":91,"column":21}},"loc":{"start":{"line":91,"column":61},"end":{"line":93,"column":3}}}},"branchMap":{"0":{"loc":{"start":{"line":10,"column":2},"end":{"line":10,"column":65}},"type":"if","locations":[{"start":{"line":10,"column":2},"end":{"line":10,"column":65}}]}},"s":{"0":3,"1":89,"2":89,"3":3,"4":101,"5":101,"6":0,"7":101,"8":101,"9":3,"10":2880,"11":3,"12":0,"13":3,"14":12,"15":12,"16":3,"17":4,"18":3,"19":3,"20":101,"21":101,"22":3,"23":101,"24":12,"25":12,"26":12,"27":74,"28":12,"29":12,"30":3,"31":12,"32":12,"33":12,"34":12,"35":12,"36":12,"37":12,"38":0,"39":12},"f":{"0":89,"1":101,"2":2880,"3":0,"4":12,"5":4,"6":101,"7":101,"8":101,"9":12,"10":12,"11":12,"12":74,"13":12,"14":12,"15":12,"16":12,"17":0,"18":12},"b":{"0":[0]}}
,"/Users/mike/Documents/DeFi/zkCloudWorker/merkle-map-demo/src/lib/memory.ts": {"path":"/Users/mike/Documents/DeFi/zkCloudWorker/merkle-map-demo/src/lib/memory.ts","statementMap":{"0":{"start":{"line":5,"column":4},"end":{"line":5,"column":19}},"1":{"start":{"line":14,"column":23},"end":{"line":14,"column":44}},"2":{"start":{"line":15,"column":30},"end":{"line":16,"column":44}},"3":{"start":{"line":16,"column":6},"end":{"line":16,"column":44}},"4":{"start":{"line":17,"column":19},"end":{"line":17,"column":29}},"5":{"start":{"line":18,"column":4},"end":{"line":18,"column":69}},"6":{"start":{"line":18,"column":15},"end":{"line":18,"column":69}},"7":{"start":{"line":20,"column":24},"end":{"line":46,"column":10}},"8":{"start":{"line":48,"column":4},"end":{"line":48,"column":29}},"9":{"start":{"line":1,"column":0},"end":{"line":1,"column":13}},"10":{"start":{"line":3,"column":9},"end":{"line":3,"column":25}}},"fnMap":{"0":{"name":"(anonymous_0)","decl":{"start":{"line":4,"column":2},"end":{"line":4,"column":null}},"loc":{"start":{"line":4,"column":2},"end":{"line":6,"column":3}}},"1":{"name":"(anonymous_1)","decl":{"start":{"line":9,"column":9},"end":{"line":9,"column":15}},"loc":{"start":{"line":12,"column":26},"end":{"line":49,"column":3}}},"2":{"name":"(anonymous_2)","decl":{"start":{"line":15,"column":30},"end":{"line":15,"column":31}},"loc":{"start":{"line":16,"column":6},"end":{"line":16,"column":44}}}},"branchMap":{"0":{"loc":{"start":{"line":10,"column":4},"end":{"line":10,"column":28}},"type":"default-arg","locations":[{"start":{"line":10,"column":26},"end":{"line":10,"column":28}}]},"1":{"loc":{"start":{"line":11,"column":4},"end":{"line":11,"column":29}},"type":"default-arg","locations":[{"start":{"line":11,"column":24},"end":{"line":11,"column":29}}]},"2":{"loc":{"start":{"line":12,"column":4},"end":{"line":12,"column":26}},"type":"default-arg","locations":[{"start":{"line":12,"column":21},"end":{"line":12,"column":26}}]},"3":{"loc":{"start":{"line":18,"column":4},"end":{"line":18,"column":69}},"type":"if","locations":[{"start":{"line":18,"column":4},"end":{"line":18,"column":69}}]},"4":{"loc":{"start":{"line":20,"column":24},"end":{"line":46,"column":10}},"type":"cond-expr","locations":[{"start":{"line":21,"column":8},"end":{"line":39,"column":null}},{"start":{"line":40,"column":8},"end":{"line":46,"column":10}}]},"5":{"loc":{"start":{"line":23,"column":24},"end":{"line":25,"column":33}},"type":"cond-expr","locations":[{"start":{"line":24,"column":14},"end":{"line":24,"column":15}},{"start":{"line":25,"column":14},"end":{"line":25,"column":33}}]},"6":{"loc":{"start":{"line":41,"column":10},"end":{"line":45,"column":null}},"type":"cond-expr","locations":[{"start":{"line":42,"column":14},"end":{"line":42,"column":16}},{"start":{"line":43,"column":14},"end":{"line":45,"column":null}}]}},"s":{"0":0,"1":66,"2":66,"3":66,"4":66,"5":66,"6":13,"7":66,"8":66,"9":2,"10":2},"f":{"0":0,"1":66,"2":66},"b":{"0":[0],"1":[53],"2":[53],"3":[13],"4":[0,66],"5":[0,0],"6":[8,58]}}
,"/Users/mike/Documents/DeFi/zkCloudWorker/merkle-map-demo/src/lib/storage.ts": {"path":"/Users/mike/Documents/DeFi/zkCloudWorker/merkle-map-demo/src/lib/storage.ts","statementMap":{"0":{"start":{"line":2,"column":0},"end":{"line":2,"column":37}},"1":{"start":{"line":3,"column":0},"end":{"line":3,"column":26}},"2":{"start":{"line":15,"column":4},"end":{"line":15,"column":17}},"3":{"start":{"line":18,"column":4},"end":{"line":18,"column":27}},"4":{"start":{"line":1,"column":9},"end":{"line":1,"column":16}},"5":{"start":{"line":26,"column":2},"end":{"line":52,"column":3}},"6":{"start":{"line":27,"column":16},"end":{"line":27,"column":45}},"7":{"start":{"line":28,"column":17},"end":{"line":28,"column":44}},"8":{"start":{"line":30,"column":19},"end":{"line":35,"column":6}},"9":{"start":{"line":37,"column":4},"end":{"line":39,"column":62}},"10":{"start":{"line":39,"column":6},"end":{"line":39,"column":62}},"11":{"start":{"line":41,"column":16},"end":{"line":44,"column":null}},"12":{"start":{"line":47,"column":4},"end":{"line":47,"column":48}},"13":{"start":{"line":48,"column":4},"end":{"line":48,"column":29}},"14":{"start":{"line":50,"column":4},"end":{"line":50,"column":40}},"15":{"start":{"line":51,"column":4},"end":{"line":51,"column":21}},"16":{"start":{"line":22,"column":0},"end":{"line":22,"column":7}},"17":{"start":{"line":56,"column":2},"end":{"line":63,"column":3}},"18":{"start":{"line":57,"column":16},"end":{"line":57,"column":59}},"19":{"start":{"line":58,"column":17},"end":{"line":58,"column":44}},"20":{"start":{"line":59,"column":4},"end":{"line":59,"column":16}},"21":{"start":{"line":61,"column":4},"end":{"line":61,"column":42}},"22":{"start":{"line":62,"column":4},"end":{"line":62,"column":21}},"23":{"start":{"line":55,"column":0},"end":{"line":55,"column":7}}},"fnMap":{"0":{"name":"(anonymous_1)","decl":{"start":{"line":14,"column":2},"end":{"line":14,"column":14}},"loc":{"start":{"line":14,"column":51},"end":{"line":16,"column":3}}},"1":{"name":"(anonymous_2)","decl":{"start":{"line":17,"column":2},"end":{"line":17,"column":10}},"loc":{"start":{"line":17,"column":10},"end":{"line":19,"column":3}}},"2":{"name":"saveToIPFS","decl":{"start":{"line":22,"column":22},"end":{"line":22,"column":32}},"loc":{"start":{"line":24,"column":31},"end":{"line":53,"column":1}}},"3":{"name":"loadFromIPFS","decl":{"start":{"line":55,"column":22},"end":{"line":55,"column":34}},"loc":{"start":{"line":55,"column":47},"end":{"line":64,"column":1}}}},"branchMap":{"0":{"loc":{"start":{"line":28,"column":17},"end":{"line":28,"column":44}},"type":"binary-expr","locations":[{"start":{"line":28,"column":17},"end":{"line":28,"column":38}},{"start":{"line":28,"column":42},"end":{"line":28,"column":44}}]},"1":{"loc":{"start":{"line":37,"column":4},"end":{"line":39,"column":62}},"type":"if","locations":[{"start":{"line":37,"column":4},"end":{"line":39,"column":62}}]}},"s":{"0":4,"1":4,"2":88,"3":34,"4":4,"5":0,"6":0,"7":0,"8":0,"9":0,"10":0,"11":0,"12":0,"13":0,"14":0,"15":0,"16":4,"17":0,"18":0,"19":0,"20":0,"21":0,"22":0,"23":4},"f":{"0":88,"1":34,"2":0,"3":0},"b":{"0":[0,0],"1":[0]}}
,"/Users/mike/Documents/DeFi/zkCloudWorker/merkle-map-demo/src/multiple-choice/contract.ts": {"path":"/Users/mike/Documents/DeFi/zkCloudWorker/merkle-map-demo/src/multiple-choice/contract.ts","statementMap":{"0":{"start":{"line":1,"column":0},"end":{"line":1,"column":null}},"1":{"start":{"line":17,"column":0},"end":{"line":17,"column":53}},"2":{"start":{"line":18,"column":0},"end":{"line":18,"column":41}},"3":{"start":{"line":20,"column":13},"end":{"line":20,"column":28}},"4":{"start":{"line":29,"column":4},"end":{"line":34,"column":6}},"5":{"start":{"line":38,"column":4},"end":{"line":43,"column":7}},"6":{"start":{"line":22,"column":0},"end":{"line":22,"column":13}},"7":{"start":{"line":53,"column":4},"end":{"line":57,"column":6}},"8":{"start":{"line":60,"column":4},"end":{"line":64,"column":7}},"9":{"start":{"line":47,"column":0},"end":{"line":47,"column":13}},"10":{"start":{"line":73,"column":4},"end":{"line":73,"column":34}},"11":{"start":{"line":74,"column":4},"end":{"line":74,"column":32}},"12":{"start":{"line":68,"column":0},"end":{"line":68,"column":13}},"13":{"start":{"line":79,"column":16},"end":{"line":79,"column":53}},"14":{"start":{"line":80,"column":16},"end":{"line":80,"column":38}},"15":{"start":{"line":81,"column":16},"end":{"line":81,"column":39}},"16":{"start":{"line":82,"column":16},"end":{"line":82,"column":45}},"17":{"start":{"line":83,"column":16},"end":{"line":83,"column":39}},"18":{"start":{"line":84,"column":18},"end":{"line":84,"column":45}},"19":{"start":{"line":85,"column":15},"end":{"line":85,"column":40}},"20":{"start":{"line":95,"column":2},"end":{"line":97,"column":5}},"21":{"start":{"line":99,"column":2},"end":{"line":104,"column":4}},"22":{"start":{"line":88,"column":4},"end":{"line":88,"column":23}},"23":{"start":{"line":89,"column":4},"end":{"line":92,"column":7}},"24":{"start":{"line":107,"column":47},"end":{"line":107,"column":57}},"25":{"start":{"line":108,"column":24},"end":{"line":108,"column":57}},"26":{"start":{"line":109,"column":17},"end":{"line":109,"column":67}},"27":{"start":{"line":110,"column":19},"end":{"line":115,"column":6}},"28":{"start":{"line":116,"column":4},"end":{"line":116,"column":68}},"29":{"start":{"line":117,"column":4},"end":{"line":117,"column":34}},"30":{"start":{"line":118,"column":4},"end":{"line":118,"column":34}},"31":{"start":{"line":130,"column":18},"end":{"line":130,"column":50}},"32":{"start":{"line":131,"column":4},"end":{"line":131,"column":65}},"33":{"start":{"line":132,"column":4},"end":{"line":134,"column":26}},"34":{"start":{"line":135,"column":4},"end":{"line":135,"column":19}},"35":{"start":{"line":136,"column":4},"end":{"line":136,"column":76}},"36":{"start":{"line":137,"column":4},"end":{"line":137,"column":59}},"37":{"start":{"line":138,"column":4},"end":{"line":138,"column":75}},"38":{"start":{"line":140,"column":24},"end":{"line":140,"column":62}},"39":{"start":{"line":141,"column":4},"end":{"line":141,"column":47}},"40":{"start":{"line":142,"column":18},"end":{"line":142,"column":50}},"41":{"start":{"line":144,"column":27},"end":{"line":147,"column":6}},"42":{"start":{"line":149,"column":38},"end":{"line":152,"column":6}},"43":{"start":{"line":155,"column":6},"end":{"line":171,"column":null}},"44":{"start":{"line":159,"column":10},"end":{"line":162,"column":13}},"45":{"start":{"line":173,"column":4},"end":{"line":173,"column":61}},"46":{"start":{"line":174,"column":31},"end":{"line":174,"column":77}},"47":{"start":{"line":175,"column":21},"end":{"line":175,"column":62}},"48":{"start":{"line":176,"column":4},"end":{"line":176,"column":32}},"49":{"start":{"line":177,"column":4},"end":{"line":177,"column":53}},"50":{"start":{"line":178,"column":4},"end":{"line":178,"column":41}},"51":{"start":{"line":179,"column":4},"end":{"line":179,"column":45}},"52":{"start":{"line":180,"column":4},"end":{"line":180,"column":30}},"53":{"start":{"line":181,"column":4},"end":{"line":181,"column":39}},"54":{"start":{"line":182,"column":4},"end":{"line":182,"column":43}},"55":{"start":{"line":191,"column":18},"end":{"line":191,"column":50}},"56":{"start":{"line":192,"column":4},"end":{"line":192,"column":65}},"57":{"start":{"line":193,"column":4},"end":{"line":195,"column":26}},"58":{"start":{"line":196,"column":4},"end":{"line":196,"column":19}},"59":{"start":{"line":197,"column":4},"end":{"line":197,"column":76}},"60":{"start":{"line":199,"column":18},"end":{"line":199,"column":50}},"61":{"start":{"line":200,"column":4},"end":{"line":200,"column":55}},"62":{"start":{"line":201,"column":4},"end":{"line":201,"column":45}},"63":{"start":{"line":202,"column":4},"end":{"line":202,"column":30}},"64":{"start":{"line":203,"column":4},"end":{"line":203,"column":39}},"65":{"start":{"line":204,"column":4},"end":{"line":204,"column":58}},"66":{"start":{"line":212,"column":18},"end":{"line":212,"column":50}},"67":{"start":{"line":213,"column":4},"end":{"line":213,"column":65}},"68":{"start":{"line":214,"column":4},"end":{"line":214,"column":77}},"69":{"start":{"line":215,"column":4},"end":{"line":215,"column":55}},"70":{"start":{"line":225,"column":18},"end":{"line":225,"column":50}},"71":{"start":{"line":226,"column":4},"end":{"line":226,"column":65}},"72":{"start":{"line":227,"column":4},"end":{"line":227,"column":71}},"73":{"start":{"line":228,"column":4},"end":{"line":228,"column":24}},"74":{"start":{"line":229,"column":4},"end":{"line":229,"column":26}},"75":{"start":{"line":78,"column":0},"end":{"line":78,"column":13}},"76":{"start":{"line":79,"column":16},"end":{"line":79,"column":null}},"77":{"start":{"line":80,"column":16},"end":{"line":80,"column":null}},"78":{"start":{"line":81,"column":16},"end":{"line":81,"column":null}},"79":{"start":{"line":82,"column":16},"end":{"line":82,"column":null}},"80":{"start":{"line":83,"column":16},"end":{"line":83,"column":null}},"81":{"start":{"line":84,"column":18},"end":{"line":84,"column":null}},"82":{"start":{"line":85,"column":15},"end":{"line":85,"column":null}},"83":{"start":{"line":106,"column":10},"end":{"line":119,"column":null}},"84":{"start":{"line":121,"column":10},"end":{"line":183,"column":null}},"85":{"start":{"line":185,"column":10},"end":{"line":205,"column":null}},"86":{"start":{"line":207,"column":10},"end":{"line":216,"column":null}},"87":{"start":{"line":219,"column":10},"end":{"line":230,"column":null}}},"fnMap":{"0":{"name":"(anonymous_2)","decl":{"start":{"line":28,"column":2},"end":{"line":28,"column":10}},"loc":{"start":{"line":28,"column":10},"end":{"line":35,"column":3}}},"1":{"name":"(anonymous_3)","decl":{"start":{"line":37,"column":2},"end":{"line":37,"column":8}},"loc":{"start":{"line":37,"column":35},"end":{"line":44,"column":3}}},"2":{"name":"(anonymous_4)","decl":{"start":{"line":52,"column":2},"end":{"line":52,"column":10}},"loc":{"start":{"line":52,"column":10},"end":{"line":58,"column":3}}},"3":{"name":"(anonymous_5)","decl":{"start":{"line":59,"column":2},"end":{"line":59,"column":8}},"loc":{"start":{"line":59,"column":35},"end":{"line":65,"column":3}}},"4":{"name":"(anonymous_6)","decl":{"start":{"line":72,"column":2},"end":{"line":72,"column":8}},"loc":{"start":{"line":72,"column":54},"end":{"line":75,"column":3}}},"5":{"name":"(anonymous_7)","decl":{"start":{"line":78,"column":0},"end":{"line":78,"column":13}},"loc":{"start":{"line":78,"column":0},"end":{"line":231,"column":1}}},"6":{"name":"(anonymous_8)","decl":{"start":{"line":87,"column":2},"end":{"line":87,"column":8}},"loc":{"start":{"line":87,"column":25},"end":{"line":93,"column":3}}},"7":{"name":"(anonymous_9)","decl":{"start":{"line":106,"column":10},"end":{"line":106,"column":13}},"loc":{"start":{"line":106,"column":36},"end":{"line":119,"column":3}}},"8":{"name":"(anonymous_10)","decl":{"start":{"line":121,"column":10},"end":{"line":121,"column":16}},"loc":{"start":{"line":128,"column":20},"end":{"line":183,"column":3}}},"9":{"name":"(anonymous_11)","decl":{"start":{"line":158,"column":8},"end":{"line":158,"column":9}},"loc":{"start":{"line":158,"column":48},"end":{"line":163,"column":9}}},"10":{"name":"(anonymous_12)","decl":{"start":{"line":185,"column":10},"end":{"line":185,"column":20}},"loc":{"start":{"line":189,"column":20},"end":{"line":205,"column":3}}},"11":{"name":"(anonymous_13)","decl":{"start":{"line":207,"column":10},"end":{"line":207,"column":18}},"loc":{"start":{"line":210,"column":29},"end":{"line":216,"column":3}}},"12":{"name":"(anonymous_14)","decl":{"start":{"line":219,"column":10},"end":{"line":219,"column":17}},"loc":{"start":{"line":223,"column":29},"end":{"line":230,"column":3}}}},"branchMap":{},"s":{"0":1,"1":1,"2":1,"3":1,"4":28,"5":55,"6":1,"7":0,"8":18,"9":1,"10":9,"11":9,"12":1,"13":24,"14":24,"15":24,"16":24,"17":24,"18":24,"19":24,"20":24,"21":24,"22":2,"23":2,"24":18,"25":18,"26":18,"27":18,"28":18,"29":18,"30":18,"31":9,"32":9,"33":9,"34":9,"35":9,"36":9,"37":9,"38":9,"39":9,"40":9,"41":9,"42":9,"43":9,"44":27,"45":9,"46":9,"47":9,"48":9,"49":9,"50":9,"51":9,"52":9,"53":9,"54":9,"55":6,"56":6,"57":6,"58":6,"59":6,"60":6,"61":6,"62":6,"63":6,"64":6,"65":6,"66":3,"67":3,"68":3,"69":3,"70":3,"71":3,"72":3,"73":3,"74":3,"75":1,"76":1,"77":1,"78":1,"79":1,"80":1,"81":1,"82":1,"83":1,"84":1,"85":1,"86":1,"87":1},"f":{"0":28,"1":55,"2":0,"3":18,"4":9,"5":24,"6":2,"7":18,"8":9,"9":27,"10":6,"11":3,"12":3},"b":{}}
,"/Users/mike/Documents/DeFi/zkCloudWorker/merkle-map-demo/src/multiple-choice/map.ts": {"path":"/Users/mike/Documents/DeFi/zkCloudWorker/merkle-map-demo/src/multiple-choice/map.ts","statementMap":{"0":{"start":{"line":7,"column":0},"end":{"line":7,"column":null}},"1":{"start":{"line":26,"column":4},"end":{"line":33,"column":6}},"2":{"start":{"line":37,"column":4},"end":{"line":44,"column":7}},"3":{"start":{"line":5,"column":2},"end":{"line":5,"column":29}},"4":{"start":{"line":61,"column":6},"end":{"line":61,"column":55}},"5":{"start":{"line":62,"column":4},"end":{"line":62,"column":55}},"6":{"start":{"line":63,"column":4},"end":{"line":63,"column":44}},"7":{"start":{"line":65,"column":38},"end":{"line":66,"column":null}},"8":{"start":{"line":68,"column":4},"end":{"line":68,"column":54}},"9":{"start":{"line":69,"column":24},"end":{"line":69,"column":57}},"10":{"start":{"line":70,"column":4},"end":{"line":70,"column":41}},"11":{"start":{"line":71,"column":4},"end":{"line":71,"column":40}},"12":{"start":{"line":73,"column":4},"end":{"line":78,"column":7}},"13":{"start":{"line":82,"column":4},"end":{"line":87,"column":7}},"14":{"start":{"line":94,"column":4},"end":{"line":94,"column":58}},"15":{"start":{"line":95,"column":4},"end":{"line":100,"column":7}},"16":{"start":{"line":107,"column":4},"end":{"line":107,"column":58}},"17":{"start":{"line":108,"column":4},"end":{"line":108,"column":58}},"18":{"start":{"line":109,"column":4},"end":{"line":109,"column":52}},"19":{"start":{"line":110,"column":4},"end":{"line":110,"column":54}},"20":{"start":{"line":114,"column":4},"end":{"line":114,"column":63}},"21":{"start":{"line":118,"column":4},"end":{"line":123,"column":7}},"22":{"start":{"line":3,"column":2},"end":{"line":3,"column":29}},"23":{"start":{"line":127,"column":32},"end":{"line":188,"column":2}},"24":{"start":{"line":142,"column":30},"end":{"line":146,"column":null}},"25":{"start":{"line":148,"column":8},"end":{"line":148,"column":71}},"26":{"start":{"line":161,"column":30},"end":{"line":164,"column":null}},"27":{"start":{"line":166,"column":8},"end":{"line":166,"column":71}},"28":{"start":{"line":178,"column":8},"end":{"line":178,"column":24}},"29":{"start":{"line":179,"column":8},"end":{"line":179,"column":24}},"30":{"start":{"line":180,"column":30},"end":{"line":182,"column":null}},"31":{"start":{"line":184,"column":8},"end":{"line":184,"column":74}},"32":{"start":{"line":2,"column":2},"end":{"line":2,"column":25}},"33":{"start":{"line":4,"column":2},"end":{"line":4,"column":30}}},"fnMap":{"0":{"name":"(anonymous_0)","decl":{"start":{"line":25,"column":2},"end":{"line":25,"column":10}},"loc":{"start":{"line":25,"column":10},"end":{"line":34,"column":3}}},"1":{"name":"(anonymous_1)","decl":{"start":{"line":36,"column":2},"end":{"line":36,"column":8}},"loc":{"start":{"line":36,"column":35},"end":{"line":45,"column":3}}},"2":{"name":"(anonymous_2)","decl":{"start":{"line":54,"column":2},"end":{"line":54,"column":8}},"loc":{"start":{"line":58,"column":16},"end":{"line":79,"column":3}}},"3":{"name":"(anonymous_3)","decl":{"start":{"line":81,"column":2},"end":{"line":81,"column":8}},"loc":{"start":{"line":81,"column":66},"end":{"line":88,"column":3}}},"4":{"name":"(anonymous_4)","decl":{"start":{"line":90,"column":2},"end":{"line":90,"column":8}},"loc":{"start":{"line":92,"column":44},"end":{"line":101,"column":3}}},"5":{"name":"(anonymous_5)","decl":{"start":{"line":103,"column":2},"end":{"line":103,"column":8}},"loc":{"start":{"line":105,"column":44},"end":{"line":111,"column":3}}},"6":{"name":"(anonymous_6)","decl":{"start":{"line":113,"column":2},"end":{"line":113,"column":10}},"loc":{"start":{"line":113,"column":10},"end":{"line":115,"column":3}}},"7":{"name":"(anonymous_7)","decl":{"start":{"line":117,"column":2},"end":{"line":117,"column":8}},"loc":{"start":{"line":117,"column":35},"end":{"line":124,"column":3}}},"8":{"name":"(anonymous_8)","decl":{"start":{"line":135,"column":6},"end":{"line":135,"column":12}},"loc":{"start":{"line":140,"column":20},"end":{"line":149,"column":7}}},"9":{"name":"(anonymous_9)","decl":{"start":{"line":155,"column":6},"end":{"line":155,"column":12}},"loc":{"start":{"line":159,"column":25},"end":{"line":167,"column":7}}},"10":{"name":"(anonymous_10)","decl":{"start":{"line":173,"column":6},"end":{"line":173,"column":12}},"loc":{"start":{"line":176,"column":60},"end":{"line":185,"column":7}}}},"branchMap":{},"s":{"0":1,"1":0,"2":14,"3":1,"4":24,"5":24,"6":24,"7":24,"8":24,"9":24,"10":24,"11":24,"12":24,"13":4,"14":18,"15":18,"16":29,"17":29,"18":29,"19":29,"20":18,"21":68,"22":1,"23":1,"24":14,"25":14,"26":4,"27":4,"28":11,"29":11,"30":11,"31":11,"32":1,"33":1},"f":{"0":0,"1":14,"2":24,"3":4,"4":18,"5":29,"6":18,"7":68,"8":14,"9":4,"10":11},"b":{}}
,"/Users/mike/Documents/DeFi/zkCloudWorker/merkle-map-demo/src/multiple-choice/proof.ts": {"path":"/Users/mike/Documents/DeFi/zkCloudWorker/merkle-map-demo/src/multiple-choice/proof.ts","statementMap":{"0":{"start":{"line":1,"column":0},"end":{"line":1,"column":75}},"1":{"start":{"line":3,"column":0},"end":{"line":3,"column":null}},"2":{"start":{"line":9,"column":0},"end":{"line":9,"column":null}},"3":{"start":{"line":17,"column":0},"end":{"line":17,"column":36}},"4":{"start":{"line":18,"column":0},"end":{"line":18,"column":39}},"5":{"start":{"line":28,"column":2},"end":{"line":28,"column":69}},"6":{"start":{"line":29,"column":2},"end":{"line":30,"column":55}},"7":{"start":{"line":30,"column":4},"end":{"line":30,"column":55}},"8":{"start":{"line":39,"column":4},"end":{"line":39,"column":66}},"9":{"start":{"line":42,"column":31},"end":{"line":42,"column":33}},"10":{"start":{"line":43,"column":26},"end":{"line":43,"column":28}},"11":{"start":{"line":45,"column":2},"end":{"line":67,"column":3}},"12":{"start":{"line":45,"column":15},"end":{"line":45,"column":16}},"13":{"start":{"line":46,"column":20},"end":{"line":46,"column":33}},"14":{"start":{"line":47,"column":16},"end":{"line":47,"column":70}},"15":{"start":{"line":48,"column":4},"end":{"line":66,"column":5}},"16":{"start":{"line":49,"column":6},"end":{"line":49,"column":29}},"17":{"start":{"line":50,"column":22},"end":{"line":50,"column":35}},"18":{"start":{"line":51,"column":21},"end":{"line":58,"column":8}},"19":{"start":{"line":59,"column":6},"end":{"line":59,"column":64}},"20":{"start":{"line":60,"column":6},"end":{"line":63,"column":9}},"21":{"start":{"line":65,"column":6},"end":{"line":65,"column":57}},"22":{"start":{"line":69,"column":47},"end":{"line":69,"column":49}},"23":{"start":{"line":70,"column":2},"end":{"line":102,"column":3}},"24":{"start":{"line":70,"column":15},"end":{"line":70,"column":16}},"25":{"start":{"line":71,"column":18},"end":{"line":81,"column":null}},"26":{"start":{"line":84,"column":4},"end":{"line":84,"column":20}},"27":{"start":{"line":85,"column":18},"end":{"line":97,"column":null}},"28":{"start":{"line":99,"column":4},"end":{"line":99,"column":73}},"29":{"start":{"line":99,"column":17},"end":{"line":99,"column":73}},"30":{"start":{"line":100,"column":4},"end":{"line":100,"column":23}},"31":{"start":{"line":101,"column":4},"end":{"line":101,"column":73}},"32":{"start":{"line":101,"column":17},"end":{"line":101,"column":73}},"33":{"start":{"line":104,"column":2},"end":{"line":104,"column":35}},"34":{"start":{"line":105,"column":44},"end":{"line":105,"column":53}},"35":{"start":{"line":106,"column":2},"end":{"line":117,"column":3}},"36":{"start":{"line":106,"column":15},"end":{"line":106,"column":16}},"37":{"start":{"line":107,"column":18},"end":{"line":109,"column":null}},"38":{"start":{"line":111,"column":4},"end":{"line":111,"column":20}},"39":{"start":{"line":113,"column":6},"end":{"line":113,"column":66}},"40":{"start":{"line":114,"column":4},"end":{"line":114,"column":73}},"41":{"start":{"line":114,"column":17},"end":{"line":114,"column":73}},"42":{"start":{"line":115,"column":4},"end":{"line":115,"column":24}},"43":{"start":{"line":116,"column":4},"end":{"line":116,"column":71}},"44":{"start":{"line":116,"column":17},"end":{"line":116,"column":71}},"45":{"start":{"line":119,"column":38},"end":{"line":121,"column":null}},"46":{"start":{"line":124,"column":2},"end":{"line":124,"column":64}},"47":{"start":{"line":125,"column":2},"end":{"line":127,"column":3}},"48":{"start":{"line":126,"column":4},"end":{"line":126,"column":48}},"49":{"start":{"line":129,"column":2},"end":{"line":129,"column":27}},"50":{"start":{"line":20,"column":0},"end":{"line":20,"column":7}},"51":{"start":{"line":138,"column":2},"end":{"line":138,"column":72}},"52":{"start":{"line":139,"column":33},"end":{"line":139,"column":35}},"53":{"start":{"line":148,"column":4},"end":{"line":148,"column":66}},"54":{"start":{"line":151,"column":31},"end":{"line":151,"column":33}},"55":{"start":{"line":153,"column":2},"end":{"line":171,"column":3}},"56":{"start":{"line":153,"column":15},"end":{"line":153,"column":16}},"57":{"start":{"line":154,"column":20},"end":{"line":154,"column":33}},"58":{"start":{"line":155,"column":16},"end":{"line":155,"column":70}},"59":{"start":{"line":156,"column":4},"end":{"line":170,"column":5}},"60":{"start":{"line":157,"column":6},"end":{"line":157,"column":29}},"61":{"start":{"line":158,"column":22},"end":{"line":158,"column":35}},"62":{"start":{"line":159,"column":21},"end":{"line":166,"column":8}},"63":{"start":{"line":167,"column":6},"end":{"line":167,"column":64}},"64":{"start":{"line":169,"column":6},"end":{"line":169,"column":57}},"65":{"start":{"line":173,"column":46},"end":{"line":173,"column":48}},"66":{"start":{"line":174,"column":2},"end":{"line":212,"column":3}},"67":{"start":{"line":174,"column":15},"end":{"line":174,"column":16}},"68":{"start":{"line":175,"column":4},"end":{"line":175,"column":63}},"69":{"start":{"line":176,"column":4},"end":{"line":211,"column":5}},"70":{"start":{"line":177,"column":21},"end":{"line":177,"column":38}},"71":{"start":{"line":178,"column":6},"end":{"line":178,"column":71}},"72":{"start":{"line":178,"column":32},"end":{"line":178,"column":71}},"73":{"start":{"line":179,"column":20},"end":{"line":183,"column":null}},"74":{"start":{"line":185,"column":6},"end":{"line":185,"column":25}},"75":{"start":{"line":186,"column":17},"end":{"line":191,"column":8}},"76":{"start":{"line":188,"column":43},"end":{"line":188,"column":53}},"77":{"start":{"line":190,"column":45},"end":{"line":190,"column":55}},"78":{"start":{"line":192,"column":6},"end":{"line":192,"column":53}},"79":{"start":{"line":194,"column":20},"end":{"line":197,"column":null}},"80":{"start":{"line":199,"column":17},"end":{"line":208,"column":8}},"81":{"start":{"line":201,"column":43},"end":{"line":201,"column":53}},"82":{"start":{"line":209,"column":6},"end":{"line":209,"column":53}},"83":{"start":{"line":210,"column":6},"end":{"line":210,"column":25}},"84":{"start":{"line":214,"column":43},"end":{"line":214,"column":52}},"85":{"start":{"line":215,"column":2},"end":{"line":218,"column":3}},"86":{"start":{"line":215,"column":15},"end":{"line":215,"column":16}},"87":{"start":{"line":216,"column":21},"end":{"line":216,"column":72}},"88":{"start":{"line":217,"column":4},"end":{"line":217,"column":21}},"89":{"start":{"line":220,"column":2},"end":{"line":220,"column":51}},"90":{"start":{"line":132,"column":0},"end":{"line":132,"column":7}}},"fnMap":{"0":{"name":"calculateProof","decl":{"start":{"line":20,"column":22},"end":{"line":20,"column":36}},"loc":{"start":{"line":26,"column":26},"end":{"line":130,"column":1}}},"1":{"name":"isAccepted","decl":{"start":{"line":38,"column":11},"end":{"line":38,"column":21}},"loc":{"start":{"line":38,"column":40},"end":{"line":40,"column":3}}},"2":{"name":"prepareProofData","decl":{"start":{"line":132,"column":22},"end":{"line":132,"column":38}},"loc":{"start":{"line":136,"column":16},"end":{"line":221,"column":1}}},"3":{"name":"isAccepted","decl":{"start":{"line":147,"column":11},"end":{"line":147,"column":21}},"loc":{"start":{"line":147,"column":40},"end":{"line":149,"column":3}}},"4":{"name":"(anonymous_4)","decl":{"start":{"line":188,"column":36},"end":{"line":188,"column":37}},"loc":{"start":{"line":188,"column":43},"end":{"line":188,"column":53}}},"5":{"name":"(anonymous_5)","decl":{"start":{"line":190,"column":38},"end":{"line":190,"column":39}},"loc":{"start":{"line":190,"column":45},"end":{"line":190,"column":55}}},"6":{"name":"(anonymous_6)","decl":{"start":{"line":201,"column":36},"end":{"line":201,"column":37}},"loc":{"start":{"line":201,"column":43},"end":{"line":201,"column":53}}}},"branchMap":{"0":{"loc":{"start":{"line":26,"column":2},"end":{"line":26,"column":26}},"type":"default-arg","locations":[{"start":{"line":26,"column":21},"end":{"line":26,"column":26}}]},"1":{"loc":{"start":{"line":29,"column":2},"end":{"line":30,"column":55}},"type":"if","locations":[{"start":{"line":29,"column":2},"end":{"line":30,"column":55}}]},"2":{"loc":{"start":{"line":48,"column":4},"end":{"line":66,"column":5}},"type":"if","locations":[{"start":{"line":48,"column":4},"end":{"line":66,"column":5}},{"start":{"line":64,"column":11},"end":{"line":66,"column":5}}]},"3":{"loc":{"start":{"line":71,"column":18},"end":{"line":81,"column":null}},"type":"cond-expr","locations":[{"start":{"line":72,"column":8},"end":{"line":76,"column":null}},{"start":{"line":78,"column":8},"end":{"line":81,"column":null}}]},"4":{"loc":{"start":{"line":85,"column":18},"end":{"line":97,"column":null}},"type":"cond-expr","locations":[{"start":{"line":86,"column":8},"end":{"line":91,"column":null}},{"start":{"line":93,"column":8},"end":{"line":97,"column":null}}]},"5":{"loc":{"start":{"line":99,"column":4},"end":{"line":99,"column":73}},"type":"if","locations":[{"start":{"line":99,"column":4},"end":{"line":99,"column":73}}]},"6":{"loc":{"start":{"line":101,"column":4},"end":{"line":101,"column":73}},"type":"if","locations":[{"start":{"line":101,"column":4},"end":{"line":101,"column":73}}]},"7":{"loc":{"start":{"line":114,"column":4},"end":{"line":114,"column":73}},"type":"if","locations":[{"start":{"line":114,"column":4},"end":{"line":114,"column":73}}]},"8":{"loc":{"start":{"line":116,"column":4},"end":{"line":116,"column":71}},"type":"if","locations":[{"start":{"line":116,"column":4},"end":{"line":116,"column":71}}]},"9":{"loc":{"start":{"line":125,"column":2},"end":{"line":127,"column":3}},"type":"if","locations":[{"start":{"line":125,"column":2},"end":{"line":127,"column":3}}]},"10":{"loc":{"start":{"line":156,"column":4},"end":{"line":170,"column":5}},"type":"if","locations":[{"start":{"line":156,"column":4},"end":{"line":170,"column":5}},{"start":{"line":168,"column":11},"end":{"line":170,"column":5}}]},"11":{"loc":{"start":{"line":176,"column":4},"end":{"line":211,"column":5}},"type":"if","locations":[{"start":{"line":176,"column":4},"end":{"line":211,"column":5}},{"start":{"line":193,"column":11},"end":{"line":211,"column":5}}]},"12":{"loc":{"start":{"line":178,"column":6},"end":{"line":178,"column":71}},"type":"if","locations":[{"start":{"line":178,"column":6},"end":{"line":178,"column":71}}]},"13":{"loc":{"start":{"line":205,"column":15},"end":{"line":207,"column":29}},"type":"cond-expr","locations":[{"start":{"line":206,"column":12},"end":{"line":206,"column":29}},{"start":{"line":207,"column":12},"end":{"line":207,"column":29}}]}},"s":{"0":1,"1":1,"2":1,"3":1,"4":1,"5":3,"6":3,"7":0,"8":10,"9":3,"10":3,"11":3,"12":3,"13":10,"14":10,"15":10,"16":10,"17":10,"18":10,"19":10,"20":10,"21":0,"22":3,"23":3,"24":3,"25":10,"26":10,"27":10,"28":10,"29":3,"30":10,"31":10,"32":10,"33":3,"34":3,"35":3,"36":3,"37":7,"38":7,"39":7,"40":7,"41":3,"42":7,"43":7,"44":7,"45":3,"46":3,"47":3,"48":0,"49":3,"50":1,"51":0,"52":0,"53":0,"54":0,"55":0,"56":0,"57":0,"58":0,"59":0,"60":0,"61":0,"62":0,"63":0,"64":0,"65":0,"66":0,"67":0,"68":0,"69":0,"70":0,"71":0,"72":0,"73":0,"74":0,"75":0,"76":0,"77":0,"78":0,"79":0,"80":0,"81":0,"82":0,"83":0,"84":0,"85":0,"86":0,"87":0,"88":0,"89":0,"90":1},"f":{"0":3,"1":10,"2":0,"3":0,"4":0,"5":0,"6":0},"b":{"0":[0],"1":[0],"2":[10,0],"3":[10,0],"4":[10,0],"5":[3],"6":[10],"7":[3],"8":[7],"9":[0],"10":[0,0],"11":[0,0],"12":[0],"13":[0,0]}}
,"/Users/mike/Documents/DeFi/zkCloudWorker/merkle-map-demo/src/multiple-choice/questions.ts": {"path":"/Users/mike/Documents/DeFi/zkCloudWorker/merkle-map-demo/src/multiple-choice/questions.ts","statementMap":{"0":{"start":{"line":1,"column":0},"end":{"line":1,"column":43}},"1":{"start":{"line":2,"column":0},"end":{"line":2,"column":61}},"2":{"start":{"line":38,"column":32},"end":{"line":38,"column":34}},"3":{"start":{"line":39,"column":2},"end":{"line":51,"column":3}},"4":{"start":{"line":39,"column":15},"end":{"line":39,"column":16}},"5":{"start":{"line":40,"column":17},"end":{"line":40,"column":61}},"6":{"start":{"line":41,"column":21},"end":{"line":41,"column":40}},"7":{"start":{"line":42,"column":30},"end":{"line":42,"column":32}},"8":{"start":{"line":43,"column":4},"end":{"line":45,"column":5}},"9":{"start":{"line":43,"column":17},"end":{"line":43,"column":18}},"10":{"start":{"line":44,"column":6},"end":{"line":44,"column":38}},"11":{"start":{"line":46,"column":36},"end":{"line":46,"column":38}},"12":{"start":{"line":47,"column":4},"end":{"line":49,"column":5}},"13":{"start":{"line":47,"column":17},"end":{"line":47,"column":18}},"14":{"start":{"line":48,"column":6},"end":{"line":48,"column":33}},"15":{"start":{"line":50,"column":4},"end":{"line":50,"column":62}},"16":{"start":{"line":52,"column":2},"end":{"line":52,"column":19}},"17":{"start":{"line":34,"column":0},"end":{"line":34,"column":16}},"18":{"start":{"line":61,"column":32},"end":{"line":61,"column":34}},"19":{"start":{"line":62,"column":2},"end":{"line":72,"column":3}},"20":{"start":{"line":62,"column":15},"end":{"line":62,"column":16}},"21":{"start":{"line":63,"column":31},"end":{"line":63,"column":67}},"22":{"start":{"line":64,"column":4},"end":{"line":70,"column":5}},"23":{"start":{"line":65,"column":33},"end":{"line":65,"column":35}},"24":{"start":{"line":66,"column":6},"end":{"line":68,"column":7}},"25":{"start":{"line":66,"column":19},"end":{"line":66,"column":20}},"26":{"start":{"line":67,"column":8},"end":{"line":67,"column":48}},"27":{"start":{"line":69,"column":6},"end":{"line":69,"column":39}},"28":{"start":{"line":71,"column":4},"end":{"line":71,"column":25}},"29":{"start":{"line":74,"column":2},"end":{"line":74,"column":17}},"30":{"start":{"line":55,"column":0},"end":{"line":55,"column":16}},"31":{"start":{"line":78,"column":2},"end":{"line":97,"column":3}},"32":{"start":{"line":79,"column":4},"end":{"line":81,"column":5}},"33":{"start":{"line":80,"column":6},"end":{"line":80,"column":19}},"34":{"start":{"line":82,"column":4},"end":{"line":84,"column":5}},"35":{"start":{"line":83,"column":6},"end":{"line":83,"column":19}},"36":{"start":{"line":85,"column":23},"end":{"line":85,"column":24}},"37":{"start":{"line":86,"column":4},"end":{"line":90,"column":5}},"38":{"start":{"line":87,"column":6},"end":{"line":89,"column":7}},"39":{"start":{"line":88,"column":8},"end":{"line":88,"column":23}},"40":{"start":{"line":91,"column":4},"end":{"line":93,"column":5}},"41":{"start":{"line":92,"column":6},"end":{"line":92,"column":19}},"42":{"start":{"line":94,"column":4},"end":{"line":96,"column":5}},"43":{"start":{"line":95,"column":6},"end":{"line":95,"column":19}},"44":{"start":{"line":98,"column":2},"end":{"line":98,"column":14}},"45":{"start":{"line":77,"column":0},"end":{"line":77,"column":16}},"46":{"start":{"line":101,"column":19},"end":{"line":101,"column":38}},"47":{"start":{"line":107,"column":2},"end":{"line":108,"column":71}},"48":{"start":{"line":108,"column":4},"end":{"line":108,"column":71}},"49":{"start":{"line":109,"column":26},"end":{"line":109,"column":51}},"50":{"start":{"line":110,"column":2},"end":{"line":122,"column":3}},"51":{"start":{"line":111,"column":4},"end":{"line":111,"column":50}},"52":{"start":{"line":112,"column":4},"end":{"line":112,"column":54}},"53":{"start":{"line":113,"column":4},"end":{"line":113,"column":64}},"54":{"start":{"line":114,"column":4},"end":{"line":114,"column":48}},"55":{"start":{"line":115,"column":4},"end":{"line":117,"column":5}},"56":{"start":{"line":116,"column":6},"end":{"line":116,"column":45}},"57":{"start":{"line":118,"column":4},"end":{"line":118,"column":53}},"58":{"start":{"line":119,"column":4},"end":{"line":121,"column":5}},"59":{"start":{"line":120,"column":6},"end":{"line":120,"column":53}},"60":{"start":{"line":123,"column":2},"end":{"line":123,"column":40}},"61":{"start":{"line":103,"column":0},"end":{"line":103,"column":16}},"62":{"start":{"line":129,"column":26},"end":{"line":129,"column":60}},"63":{"start":{"line":130,"column":2},"end":{"line":135,"column":3}},"64":{"start":{"line":131,"column":4},"end":{"line":131,"column":46}},"65":{"start":{"line":132,"column":4},"end":{"line":134,"column":5}},"66":{"start":{"line":133,"column":6},"end":{"line":133,"column":48}},"67":{"start":{"line":136,"column":2},"end":{"line":136,"column":40}},"68":{"start":{"line":125,"column":0},"end":{"line":125,"column":16}},"69":{"start":{"line":145,"column":2},"end":{"line":147,"column":3}},"70":{"start":{"line":146,"column":4},"end":{"line":146,"column":17}},"71":{"start":{"line":148,"column":30},"end":{"line":150,"column":null}},"72":{"start":{"line":152,"column":2},"end":{"line":156,"column":17}},"73":{"start":{"line":156,"column":4},"end":{"line":156,"column":17}},"74":{"start":{"line":157,"column":15},"end":{"line":157,"column":16}},"75":{"start":{"line":158,"column":2},"end":{"line":171,"column":3}},"76":{"start":{"line":158,"column":15},"end":{"line":158,"column":16}},"77":{"start":{"line":159,"column":4},"end":{"line":165,"column":5}},"78":{"start":{"line":160,"column":6},"end":{"line":164,"column":7}},"79":{"start":{"line":161,"column":57},"end":{"line":161,"column":63}},"80":{"start":{"line":163,"column":8},"end":{"line":163,"column":21}},"81":{"start":{"line":166,"column":4},"end":{"line":170,"column":5}},"82":{"start":{"line":166,"column":17},"end":{"line":166,"column":18}},"83":{"start":{"line":167,"column":6},"end":{"line":169,"column":7}},"84":{"start":{"line":168,"column":8},"end":{"line":168,"column":17}},"85":{"start":{"line":172,"column":2},"end":{"line":172,"column":29}},"86":{"start":{"line":139,"column":0},"end":{"line":139,"column":16}}},"fnMap":{"0":{"name":"generateQuestions","decl":{"start":{"line":34,"column":16},"end":{"line":34,"column":33}},"loc":{"start":{"line":36,"column":25},"end":{"line":53,"column":1}}},"1":{"name":"generateAnswers","decl":{"start":{"line":55,"column":16},"end":{"line":55,"column":31}},"loc":{"start":{"line":59,"column":16},"end":{"line":75,"column":1}}},"2":{"name":"validateQuestions","decl":{"start":{"line":77,"column":16},"end":{"line":77,"column":33}},"loc":{"start":{"line":77,"column":55},"end":{"line":99,"column":1}}},"3":{"name":"calculateQuestionsCommitment","decl":{"start":{"line":103,"column":16},"end":{"line":103,"column":44}},"loc":{"start":{"line":105,"column":16},"end":{"line":124,"column":1}}},"4":{"name":"calculateAnswersCommitment","decl":{"start":{"line":125,"column":16},"end":{"line":125,"column":42}},"loc":{"start":{"line":127,"column":16},"end":{"line":137,"column":1}}},"5":{"name":"validateAnswers","decl":{"start":{"line":139,"column":16},"end":{"line":139,"column":31}},"loc":{"start":{"line":143,"column":19},"end":{"line":173,"column":1}}},"6":{"name":"(anonymous_6)","decl":{"start":{"line":161,"column":45},"end":{"line":161,"column":46}},"loc":{"start":{"line":161,"column":57},"end":{"line":161,"column":63}}}},"branchMap":{"0":{"loc":{"start":{"line":40,"column":17},"end":{"line":40,"column":61}},"type":"cond-expr","locations":[{"start":{"line":40,"column":31},"end":{"line":40,"column":45}},{"start":{"line":40,"column":48},"end":{"line":40,"column":61}}]},"1":{"loc":{"start":{"line":67,"column":21},"end":{"line":67,"column":46}},"type":"cond-expr","locations":[{"start":{"line":67,"column":29},"end":{"line":67,"column":36}},{"start":{"line":67,"column":39},"end":{"line":67,"column":46}}]},"2":{"loc":{"start":{"line":79,"column":4},"end":{"line":81,"column":5}},"type":"if","locations":[{"start":{"line":79,"column":4},"end":{"line":81,"column":5}}]},"3":{"loc":{"start":{"line":79,"column":8},"end":{"line":79,"column":75}},"type":"binary-expr","locations":[{"start":{"line":79,"column":8},"end":{"line":79,"column":40}},{"start":{"line":79,"column":44},"end":{"line":79,"column":75}}]},"4":{"loc":{"start":{"line":82,"column":4},"end":{"line":84,"column":5}},"type":"if","locations":[{"start":{"line":82,"column":4},"end":{"line":84,"column":5}}]},"5":{"loc":{"start":{"line":87,"column":6},"end":{"line":89,"column":7}},"type":"if","locations":[{"start":{"line":87,"column":6},"end":{"line":89,"column":7}}]},"6":{"loc":{"start":{"line":91,"column":4},"end":{"line":93,"column":5}},"type":"if","locations":[{"start":{"line":91,"column":4},"end":{"line":93,"column":5}}]},"7":{"loc":{"start":{"line":94,"column":4},"end":{"line":96,"column":5}},"type":"if","locations":[{"start":{"line":94,"column":4},"end":{"line":96,"column":5}}]},"8":{"loc":{"start":{"line":94,"column":8},"end":{"line":94,"column":60}},"type":"binary-expr","locations":[{"start":{"line":94,"column":8},"end":{"line":94,"column":40}},{"start":{"line":94,"column":44},"end":{"line":94,"column":60}}]},"9":{"loc":{"start":{"line":107,"column":2},"end":{"line":108,"column":71}},"type":"if","locations":[{"start":{"line":107,"column":2},"end":{"line":108,"column":71}}]},"10":{"loc":{"start":{"line":113,"column":34},"end":{"line":113,"column":61}},"type":"binary-expr","locations":[{"start":{"line":113,"column":34},"end":{"line":113,"column":55}},{"start":{"line":113,"column":59},"end":{"line":113,"column":61}}]},"11":{"loc":{"start":{"line":120,"column":18},"end":{"line":120,"column":51}},"type":"cond-expr","locations":[{"start":{"line":120,"column":32},"end":{"line":120,"column":40}},{"start":{"line":120,"column":43},"end":{"line":120,"column":51}}]},"12":{"loc":{"start":{"line":133,"column":18},"end":{"line":133,"column":46}},"type":"cond-expr","locations":[{"start":{"line":133,"column":27},"end":{"line":133,"column":35}},{"start":{"line":133,"column":38},"end":{"line":133,"column":46}}]},"13":{"loc":{"start":{"line":145,"column":2},"end":{"line":147,"column":3}},"type":"if","locations":[{"start":{"line":145,"column":2},"end":{"line":147,"column":3}}]},"14":{"loc":{"start":{"line":152,"column":2},"end":{"line":156,"column":17}},"type":"if","locations":[{"start":{"line":152,"column":2},"end":{"line":156,"column":17}}]},"15":{"loc":{"start":{"line":159,"column":4},"end":{"line":165,"column":5}},"type":"if","locations":[{"start":{"line":159,"column":4},"end":{"line":165,"column":5}}]},"16":{"loc":{"start":{"line":160,"column":6},"end":{"line":164,"column":7}},"type":"if","locations":[{"start":{"line":160,"column":6},"end":{"line":164,"column":7}}]},"17":{"loc":{"start":{"line":167,"column":6},"end":{"line":169,"column":7}},"type":"if","locations":[{"start":{"line":167,"column":6},"end":{"line":169,"column":7}}]}},"s":{"0":2,"1":2,"2":2,"3":2,"4":2,"5":20,"6":20,"7":20,"8":20,"9":20,"10":100,"11":20,"12":20,"13":20,"14":100,"15":20,"16":2,"17":2,"18":3,"19":3,"20":3,"21":24,"22":24,"23":240,"24":240,"25":240,"26":1200,"27":240,"28":24,"29":3,"30":2,"31":38,"32":380,"33":0,"34":380,"35":0,"36":380,"37":380,"38":1900,"39":380,"40":380,"41":0,"42":380,"43":0,"44":38,"45":2,"46":2,"47":36,"48":0,"49":36,"50":36,"51":360,"52":360,"53":360,"54":360,"55":360,"56":1800,"57":360,"58":360,"59":1800,"60":36,"61":2,"62":17,"63":17,"64":170,"65":170,"66":850,"67":17,"68":2,"69":34,"70":0,"71":34,"72":34,"73":0,"74":34,"75":34,"76":34,"77":277,"78":142,"79":710,"80":7,"81":270,"82":270,"83":1350,"84":0,"85":27,"86":2},"f":{"0":2,"1":3,"2":38,"3":36,"4":17,"5":34,"6":710},"b":{"0":[10,10],"1":[850,350],"2":[0],"3":[380,190],"4":[0],"5":[380],"6":[0],"7":[0],"8":[380,190],"9":[0],"10":[360,360],"11":[360,1440],"12":[170,680],"13":[0],"14":[0],"15":[142],"16":[7],"17":[0]}}
}
