TN:
SF:src/base/mapcontract.ts
FN:29,(anonymous_2)
FN:39,(anonymous_3)
FN:54,(anonymous_4)
FN:60,(anonymous_5)
FN:68,(anonymous_6)
FN:87,(anonymous_7)
FN:107,(anonymous_8)
FN:126,(anonymous_9)
FN:158,(anonymous_10)
FN:183,(anonymous_11)
FN:195,(anonymous_12)
FN:202,(anonymous_13)
FNF:12
FNH:12
FNDA:34,(anonymous_2)
FNDA:84,(anonymous_3)
FNDA:12,(anonymous_4)
FNDA:30,(anonymous_5)
FNDA:2,(anonymous_6)
FNDA:24,(anonymous_7)
FNDA:3,(anonymous_8)
FNDA:12,(anonymous_9)
FNDA:36,(anonymous_10)
FNDA:3,(anonymous_11)
FNDA:3,(anonymous_12)
FNDA:6,(anonymous_13)
DA:1,2
DA:17,2
DA:18,2
DA:20,2
DA:22,2
DA:30,34
DA:40,84
DA:50,2
DA:55,12
DA:56,12
DA:60,2
DA:61,30
DA:62,30
DA:63,30
DA:64,30
DA:65,30
DA:66,30
DA:69,2
DA:70,2
DA:76,30
DA:80,30
DA:87,2
DA:93,24
DA:94,24
DA:95,24
DA:102,24
DA:103,24
DA:104,24
DA:107,2
DA:113,3
DA:114,3
DA:115,3
DA:122,3
DA:123,3
DA:126,2
DA:133,12
DA:134,12
DA:135,12
DA:136,12
DA:137,12
DA:138,12
DA:140,12
DA:141,12
DA:142,12
DA:144,12
DA:149,12
DA:155,12
DA:159,36
DA:173,12
DA:174,12
DA:175,12
DA:176,12
DA:177,12
DA:178,12
DA:179,12
DA:180,12
DA:183,2
DA:184,3
DA:185,3
DA:186,3
DA:187,3
DA:189,3
DA:190,3
DA:191,3
DA:192,3
DA:195,2
DA:196,3
DA:197,3
DA:198,3
DA:202,2
DA:203,6
DA:204,6
DA:205,6
DA:206,6
LF:74
LH:74
BRF:0
BRH:0
end_of_record
TN:
SF:src/base/proof.ts
FN:12,calculateProof
FN:87,isAccepted
FN:106,prepareProofData
FN:119,isAccepted
FN:160,(anonymous_4)
FN:162,(anonymous_5)
FN:173,(anonymous_6)
FNF:7
FNH:2
FNDA:3,calculateProof
FNDA:7,isAccepted
FNDA:0,prepareProofData
FNDA:0,isAccepted
FNDA:0,(anonymous_4)
FNDA:0,(anonymous_5)
FNDA:0,(anonymous_6)
DA:1,1
DA:3,1
DA:9,1
DA:10,1
DA:12,1
DA:18,3
DA:19,3
DA:20,0
DA:27,3
DA:29,3
DA:30,7
DA:31,7
DA:32,6
DA:33,6
DA:34,6
DA:42,6
DA:44,1
DA:48,3
DA:49,3
DA:50,7
DA:58,7
DA:59,7
DA:67,7
DA:68,7
DA:69,7
DA:72,3
DA:73,3
DA:74,3
DA:75,4
DA:76,4
DA:77,4
DA:82,4
DA:83,4
DA:84,4
DA:88,7
DA:89,7
DA:90,7
DA:91,7
DA:93,3
DA:98,3
DA:99,3
DA:100,0
DA:103,3
DA:106,1
DA:110,0
DA:111,0
DA:120,0
DA:121,0
DA:122,0
DA:123,0
DA:126,0
DA:128,0
DA:129,0
DA:130,0
DA:131,0
DA:132,0
DA:133,0
DA:141,0
DA:143,0
DA:147,0
DA:148,0
DA:149,0
DA:153,0
DA:154,0
DA:155,0
DA:156,0
DA:157,0
DA:158,0
DA:160,0
DA:162,0
DA:164,0
DA:166,0
DA:171,0
DA:173,0
DA:178,0
DA:179,0
DA:183,0
DA:184,0
DA:185,0
DA:186,0
DA:189,0
LF:81
LH:42
BRDA:16,0,0,0
BRDA:19,1,0,0
BRDA:31,2,0,6
BRDA:31,2,1,1
BRDA:50,3,0,6
BRDA:50,3,1,1
BRDA:59,4,0,6
BRDA:59,4,1,1
BRDA:67,5,0,3
BRDA:69,6,0,7
BRDA:82,7,0,2
BRDA:84,8,0,4
BRDA:99,9,0,0
BRDA:130,10,0,0
BRDA:130,10,1,0
BRDA:153,11,0,0
BRDA:153,11,1,0
BRDA:155,12,0,0
BRF:18
BRH:10
end_of_record
TN:
SF:src/base/update.ts
FN:20,(anonymous_0)
FN:31,(anonymous_1)
FN:49,(anonymous_2)
FN:70,(anonymous_3)
FN:79,(anonymous_4)
FN:89,(anonymous_5)
FN:96,(anonymous_6)
FN:100,(anonymous_7)
FN:118,(anonymous_8)
FN:127,(anonymous_9)
FN:141,(anonymous_10)
FNF:11
FNH:10
FNDA:0,(anonymous_0)
FNDA:10,(anonymous_1)
FNDA:16,(anonymous_2)
FNDA:6,(anonymous_3)
FNDA:12,(anonymous_4)
FNDA:23,(anonymous_5)
FNDA:18,(anonymous_6)
FNDA:56,(anonymous_7)
FNDA:10,(anonymous_8)
FNDA:5,(anonymous_9)
FNDA:8,(anonymous_10)
DA:1,2
DA:2,2
DA:21,0
DA:32,10
DA:51,16
DA:52,16
DA:53,16
DA:55,16
DA:58,16
DA:59,16
DA:60,16
DA:62,16
DA:71,6
DA:80,12
DA:81,12
DA:90,23
DA:91,23
DA:92,23
DA:93,23
DA:97,18
DA:101,56
DA:110,2
DA:119,10
DA:120,10
DA:133,5
DA:134,5
DA:146,8
DA:147,8
DA:148,8
DA:152,8
LF:30
LH:29
BRF:0
BRH:0
end_of_record
TN:
SF:src/lib/fast-merkle-map.ts
FN:14,(anonymous_0)
FN:18,(anonymous_1)
FN:24,(anonymous_2)
FN:35,(anonymous_3)
FN:36,(anonymous_4)
FN:53,(anonymous_5)
FN:63,(anonymous_6)
FN:72,(anonymous_7)
FNF:8
FNH:6
FNDA:1,(anonymous_0)
FNDA:100,(anonymous_1)
FNDA:25500,(anonymous_2)
FNDA:1,(anonymous_3)
FNDA:100,(anonymous_4)
FNDA:0,(anonymous_5)
FNDA:0,(anonymous_6)
FNDA:1,(anonymous_7)
DA:2,1
DA:4,1
DA:11,1
DA:15,1
DA:20,100
DA:24,25500
DA:26,100
DA:27,100
DA:28,25500
DA:29,25500
DA:32,100
DA:36,1
DA:37,100
DA:38,100
DA:45,1
DA:54,0
DA:55,0
DA:64,0
DA:65,0
DA:73,1
LF:20
LH:16
BRDA:28,0,0,12326
BRDA:28,0,1,13174
BRF:2
BRH:2
end_of_record
TN:
SF:src/lib/fast-merkle-tree.ts
FN:21,(anonymous_0)
FN:28,(anonymous_1)
FN:36,(anonymous_2)
FN:50,(anonymous_3)
FN:59,(anonymous_4)
FN:63,(anonymous_5)
FN:101,(anonymous_6)
FN:105,(anonymous_7)
FN:109,(anonymous_8)
FN:113,(anonymous_9)
FN:125,(anonymous_10)
FNF:11
FNH:9
FNDA:2,(anonymous_0)
FNDA:2,(anonymous_1)
FNDA:0,(anonymous_2)
FNDA:0,(anonymous_3)
FNDA:2,(anonymous_4)
FNDA:2,(anonymous_5)
FNDA:69290,(anonymous_6)
FNDA:10100,(anonymous_7)
FNDA:44744,(anonymous_8)
FNDA:10100,(anonymous_9)
FNDA:2,(anonymous_10)
DA:1,2
DA:15,2
DA:22,2
DA:23,2
DA:24,2
DA:25,2
DA:29,2
DA:30,2
DA:31,2
DA:32,274
DA:37,0
DA:38,0
DA:41,0
DA:43,0
DA:45,0
DA:46,0
DA:47,0
DA:50,0
DA:56,0
DA:60,2
DA:64,2
DA:65,0
DA:68,2
DA:70,2
DA:71,10100
DA:72,10100
DA:73,10100
DA:75,10100
DA:78,2
DA:79,274
DA:81,274
DA:83,274
DA:84,34644
DA:85,34644
DA:87,34644
DA:88,34644
DA:90,34644
DA:97,274
DA:102,69290
DA:106,10100
DA:110,44744
DA:114,10100
DA:115,10100
DA:118,10100
DA:126,2
LF:45
LH:35
BRDA:37,0,0,0
BRDA:46,1,0,0
BRDA:64,2,0,0
BRDA:102,3,0,69290
BRDA:102,3,1,24546
BRDA:114,4,0,10100
BRF:6
BRH:3
end_of_record
TN:
SF:src/lib/gc.ts
FN:9,collect
FNF:1
FNH:1
FNDA:48,collect
DA:1,2
DA:9,2
DA:10,48
DA:11,48
DA:12,0
DA:13,0
DA:14,0
DA:15,0
DA:16,0
DA:17,0
LF:10
LH:4
BRDA:9,0,0,48
BRDA:11,1,0,0
BRDA:13,2,0,0
BRDA:16,3,0,0
BRF:4
BRH:1
end_of_record
TN:
SF:src/lib/hash.ts
FN:3,hashWithPrefix
FN:8,prefixToField
FN:17,stringToFields
FN:21,stringFromFields
FN:25,calculateActionsHash
FN:30,emptyActionsHash
FN:39,initialState
FN:42,salt
FN:48,stringToBytes
FN:59,emptyHashWithPrefix
FN:63,fromJSON
FN:64,(anonymous_11)
FN:64,(anonymous_12)
FN:70,(anonymous_13)
FN:74,(anonymous_14)
FN:82,(anonymous_15)
FN:85,(anonymous_16)
FN:88,(anonymous_17)
FN:91,(anonymous_18)
FNF:19
FNH:17
FNDA:89,hashWithPrefix
FNDA:101,prefixToField
FNDA:2880,stringToFields
FNDA:0,stringFromFields
FNDA:12,calculateActionsHash
FNDA:4,emptyActionsHash
FNDA:101,initialState
FNDA:101,salt
FNDA:101,stringToBytes
FNDA:12,emptyHashWithPrefix
FNDA:12,fromJSON
FNDA:12,(anonymous_11)
FNDA:74,(anonymous_12)
FNDA:12,(anonymous_13)
FNDA:12,(anonymous_14)
FNDA:12,(anonymous_15)
FNDA:12,(anonymous_16)
FNDA:0,(anonymous_17)
FNDA:12,(anonymous_18)
DA:1,3
DA:3,3
DA:4,89
DA:5,89
DA:8,3
DA:9,101
DA:10,101
DA:11,101
DA:12,101
DA:17,3
DA:18,2880
DA:21,3
DA:22,0
DA:25,3
DA:26,12
DA:27,12
DA:30,3
DA:31,4
DA:34,3
DA:40,101
DA:43,101
DA:46,3
DA:49,101
DA:60,12
DA:64,74
DA:65,12
DA:66,12
DA:69,3
DA:71,12
DA:72,12
DA:75,12
DA:76,12
DA:80,12
DA:83,12
DA:86,12
DA:89,0
DA:92,12
LF:37
LH:35
BRDA:10,0,0,0
BRF:1
BRH:0
end_of_record
TN:
SF:src/lib/memory.ts
FN:4,(anonymous_0)
FN:9,(anonymous_1)
FN:15,(anonymous_2)
FNF:3
FNH:2
FNDA:0,(anonymous_0)
FNDA:66,(anonymous_1)
FNDA:66,(anonymous_2)
DA:1,2
DA:3,2
DA:5,0
DA:14,66
DA:15,66
DA:16,66
DA:17,66
DA:18,66
DA:20,66
DA:48,66
LF:10
LH:9
BRDA:10,0,0,0
BRDA:11,1,0,53
BRDA:12,2,0,53
BRDA:18,3,0,13
BRDA:20,4,0,0
BRDA:20,4,1,66
BRDA:23,5,0,0
BRDA:23,5,1,0
BRDA:41,6,0,8
BRDA:41,6,1,58
BRF:10
BRH:6
end_of_record
TN:
SF:src/lib/storage.ts
FN:14,(anonymous_1)
FN:17,(anonymous_2)
FN:22,saveToIPFS
FN:55,loadFromIPFS
FNF:4
FNH:2
FNDA:88,(anonymous_1)
FNDA:34,(anonymous_2)
FNDA:0,saveToIPFS
FNDA:0,loadFromIPFS
DA:1,4
DA:2,4
DA:3,4
DA:15,88
DA:18,34
DA:22,4
DA:26,0
DA:27,0
DA:28,0
DA:30,0
DA:37,0
DA:39,0
DA:41,0
DA:47,0
DA:48,0
DA:50,0
DA:51,0
DA:55,4
DA:56,0
DA:57,0
DA:58,0
DA:59,0
DA:61,0
DA:62,0
LF:24
LH:7
BRDA:28,0,0,0
BRDA:28,0,1,0
BRDA:37,1,0,0
BRF:3
BRH:0
end_of_record
TN:
SF:src/multiple-choice/contract.ts
FN:28,(anonymous_2)
FN:37,(anonymous_3)
FN:52,(anonymous_4)
FN:59,(anonymous_5)
FN:72,(anonymous_6)
FN:78,(anonymous_7)
FN:87,(anonymous_8)
FN:106,(anonymous_9)
FN:121,(anonymous_10)
FN:158,(anonymous_11)
FN:185,(anonymous_12)
FN:207,(anonymous_13)
FN:219,(anonymous_14)
FNF:13
FNH:12
FNDA:28,(anonymous_2)
FNDA:55,(anonymous_3)
FNDA:0,(anonymous_4)
FNDA:18,(anonymous_5)
FNDA:9,(anonymous_6)
FNDA:24,(anonymous_7)
FNDA:2,(anonymous_8)
FNDA:18,(anonymous_9)
FNDA:9,(anonymous_10)
FNDA:27,(anonymous_11)
FNDA:6,(anonymous_12)
FNDA:3,(anonymous_13)
FNDA:3,(anonymous_14)
DA:1,1
DA:17,1
DA:18,1
DA:20,1
DA:22,1
DA:29,28
DA:38,55
DA:47,1
DA:53,0
DA:60,18
DA:68,1
DA:73,9
DA:74,9
DA:78,1
DA:79,24
DA:80,24
DA:81,24
DA:82,24
DA:83,24
DA:84,24
DA:85,24
DA:88,2
DA:89,2
DA:95,24
DA:99,24
DA:106,1
DA:107,18
DA:108,18
DA:109,18
DA:110,18
DA:116,18
DA:117,18
DA:118,18
DA:121,1
DA:130,9
DA:131,9
DA:132,9
DA:135,9
DA:136,9
DA:137,9
DA:138,9
DA:140,9
DA:141,9
DA:142,9
DA:144,9
DA:149,9
DA:155,9
DA:159,27
DA:173,9
DA:174,9
DA:175,9
DA:176,9
DA:177,9
DA:178,9
DA:179,9
DA:180,9
DA:181,9
DA:182,9
DA:185,1
DA:191,6
DA:192,6
DA:193,6
DA:196,6
DA:197,6
DA:199,6
DA:200,6
DA:201,6
DA:202,6
DA:203,6
DA:204,6
DA:207,1
DA:212,3
DA:213,3
DA:214,3
DA:215,3
DA:219,1
DA:225,3
DA:226,3
DA:227,3
DA:228,3
DA:229,3
LF:81
LH:80
BRF:0
BRH:0
end_of_record
TN:
SF:src/multiple-choice/map.ts
FN:25,(anonymous_0)
FN:36,(anonymous_1)
FN:54,(anonymous_2)
FN:81,(anonymous_3)
FN:90,(anonymous_4)
FN:103,(anonymous_5)
FN:113,(anonymous_6)
FN:117,(anonymous_7)
FN:135,(anonymous_8)
FN:155,(anonymous_9)
FN:173,(anonymous_10)
FNF:11
FNH:10
FNDA:0,(anonymous_0)
FNDA:14,(anonymous_1)
FNDA:24,(anonymous_2)
FNDA:4,(anonymous_3)
FNDA:18,(anonymous_4)
FNDA:29,(anonymous_5)
FNDA:18,(anonymous_6)
FNDA:68,(anonymous_7)
FNDA:14,(anonymous_8)
FNDA:4,(anonymous_9)
FNDA:11,(anonymous_10)
DA:2,1
DA:3,1
DA:4,1
DA:5,1
DA:7,1
DA:26,0
DA:37,14
DA:61,24
DA:62,24
DA:63,24
DA:65,24
DA:68,24
DA:69,24
DA:70,24
DA:71,24
DA:73,24
DA:82,4
DA:94,18
DA:95,18
DA:107,29
DA:108,29
DA:109,29
DA:110,29
DA:114,18
DA:118,68
DA:127,1
DA:142,14
DA:148,14
DA:161,4
DA:166,4
DA:178,11
DA:179,11
DA:180,11
DA:184,11
LF:34
LH:33
BRF:0
BRH:0
end_of_record
TN:
SF:src/multiple-choice/proof.ts
FN:20,calculateProof
FN:38,isAccepted
FN:132,prepareProofData
FN:147,isAccepted
FN:188,(anonymous_4)
FN:190,(anonymous_5)
FN:201,(anonymous_6)
FNF:7
FNH:2
FNDA:3,calculateProof
FNDA:10,isAccepted
FNDA:0,prepareProofData
FNDA:0,isAccepted
FNDA:0,(anonymous_4)
FNDA:0,(anonymous_5)
FNDA:0,(anonymous_6)
DA:1,1
DA:3,1
DA:9,1
DA:17,1
DA:18,1
DA:20,1
DA:28,3
DA:29,3
DA:30,0
DA:39,10
DA:42,3
DA:43,3
DA:45,3
DA:46,10
DA:47,10
DA:48,10
DA:49,10
DA:50,10
DA:51,10
DA:59,10
DA:60,10
DA:65,0
DA:69,3
DA:70,3
DA:71,10
DA:84,10
DA:85,10
DA:99,10
DA:100,10
DA:101,10
DA:104,3
DA:105,3
DA:106,3
DA:107,7
DA:111,7
DA:113,7
DA:114,7
DA:115,7
DA:116,7
DA:119,3
DA:124,3
DA:125,3
DA:126,0
DA:129,3
DA:132,1
DA:138,0
DA:139,0
DA:148,0
DA:151,0
DA:153,0
DA:154,0
DA:155,0
DA:156,0
DA:157,0
DA:158,0
DA:159,0
DA:167,0
DA:169,0
DA:173,0
DA:174,0
DA:175,0
DA:176,0
DA:177,0
DA:178,0
DA:179,0
DA:185,0
DA:186,0
DA:188,0
DA:190,0
DA:192,0
DA:194,0
DA:199,0
DA:201,0
DA:209,0
DA:210,0
DA:214,0
DA:215,0
DA:216,0
DA:217,0
DA:220,0
LF:80
LH:42
BRDA:26,0,0,0
BRDA:29,1,0,0
BRDA:48,2,0,10
BRDA:48,2,1,0
BRDA:71,3,0,10
BRDA:71,3,1,0
BRDA:85,4,0,10
BRDA:85,4,1,0
BRDA:99,5,0,3
BRDA:101,6,0,10
BRDA:114,7,0,3
BRDA:116,8,0,7
BRDA:125,9,0,0
BRDA:156,10,0,0
BRDA:156,10,1,0
BRDA:176,11,0,0
BRDA:176,11,1,0
BRDA:178,12,0,0
BRDA:205,13,0,0
BRDA:205,13,1,0
BRF:20
BRH:7
end_of_record
TN:
SF:src/multiple-choice/questions.ts
FN:34,generateQuestions
FN:55,generateAnswers
FN:77,validateQuestions
FN:103,calculateQuestionsCommitment
FN:125,calculateAnswersCommitment
FN:139,validateAnswers
FN:161,(anonymous_6)
FNF:7
FNH:7
FNDA:2,generateQuestions
FNDA:3,generateAnswers
FNDA:38,validateQuestions
FNDA:36,calculateQuestionsCommitment
FNDA:17,calculateAnswersCommitment
FNDA:34,validateAnswers
FNDA:710,(anonymous_6)
DA:1,2
DA:2,2
DA:34,2
DA:38,2
DA:39,2
DA:40,20
DA:41,20
DA:42,20
DA:43,20
DA:44,100
DA:46,20
DA:47,20
DA:48,100
DA:50,20
DA:52,2
DA:55,2
DA:61,3
DA:62,3
DA:63,24
DA:64,24
DA:65,240
DA:66,240
DA:67,1200
DA:69,240
DA:71,24
DA:74,3
DA:77,2
DA:78,38
DA:79,380
DA:80,0
DA:82,380
DA:83,0
DA:85,380
DA:86,380
DA:87,1900
DA:88,380
DA:91,380
DA:92,0
DA:94,380
DA:95,0
DA:98,38
DA:101,2
DA:103,2
DA:107,36
DA:108,0
DA:109,36
DA:110,36
DA:111,360
DA:112,360
DA:113,360
DA:114,360
DA:115,360
DA:116,1800
DA:118,360
DA:119,360
DA:120,1800
DA:123,36
DA:125,2
DA:129,17
DA:130,17
DA:131,170
DA:132,170
DA:133,850
DA:136,17
DA:139,2
DA:145,34
DA:146,0
DA:148,34
DA:152,34
DA:156,0
DA:157,34
DA:158,34
DA:159,277
DA:160,142
DA:161,710
DA:163,7
DA:166,270
DA:167,1350
DA:168,0
DA:172,27
LF:80
LH:72
BRDA:40,0,0,10
BRDA:40,0,1,10
BRDA:67,1,0,850
BRDA:67,1,1,350
BRDA:79,2,0,0
BRDA:79,3,0,380
BRDA:79,3,1,190
BRDA:82,4,0,0
BRDA:87,5,0,380
BRDA:91,6,0,0
BRDA:94,7,0,0
BRDA:94,8,0,380
BRDA:94,8,1,190
BRDA:107,9,0,0
BRDA:113,10,0,360
BRDA:113,10,1,360
BRDA:120,11,0,360
BRDA:120,11,1,1440
BRDA:133,12,0,170
BRDA:133,12,1,680
BRDA:145,13,0,0
BRDA:152,14,0,0
BRDA:159,15,0,142
BRDA:160,16,0,7
BRDA:167,17,0,0
BRF:25
BRH:17
end_of_record
