TN:
SF:src/config.ts
FNF:0
FNH:0
DA:1,2
DA:3,2
DA:4,2
DA:5,2
DA:6,2
DA:13,2
DA:23,2
DA:33,2
DA:36,2
LF:9
LH:9
BRF:0
BRH:0
end_of_record
TN:
SF:src/base/mapcontract.ts
FN:29,(anonymous_2)
FN:39,(anonymous_3)
FN:54,(anonymous_4)
FN:60,(anonymous_5)
FN:68,(anonymous_6)
FN:87,(anonymous_7)
FN:107,(anonymous_8)
FN:126,(anonymous_9)
FN:158,(anonymous_10)
FN:183,(anonymous_11)
FN:195,(anonymous_12)
FN:202,(anonymous_13)
FNF:12
FNH:12
FNDA:34,(anonymous_2)
FNDA:84,(anonymous_3)
FNDA:12,(anonymous_4)
FNDA:30,(anonymous_5)
FNDA:2,(anonymous_6)
FNDA:24,(anonymous_7)
FNDA:3,(anonymous_8)
FNDA:12,(anonymous_9)
FNDA:36,(anonymous_10)
FNDA:3,(anonymous_11)
FNDA:3,(anonymous_12)
FNDA:6,(anonymous_13)
DA:1,2
DA:17,2
DA:18,2
DA:20,2
DA:22,2
DA:30,34
DA:40,84
DA:50,2
DA:55,12
DA:56,12
DA:60,2
DA:61,30
DA:62,30
DA:63,30
DA:64,30
DA:65,30
DA:66,30
DA:69,2
DA:70,2
DA:76,30
DA:80,30
DA:87,2
DA:93,24
DA:94,24
DA:95,24
DA:102,24
DA:103,24
DA:104,24
DA:107,2
DA:113,3
DA:114,3
DA:115,3
DA:122,3
DA:123,3
DA:126,2
DA:133,12
DA:134,12
DA:135,12
DA:136,12
DA:137,12
DA:138,12
DA:140,12
DA:141,12
DA:142,12
DA:144,12
DA:149,12
DA:155,12
DA:159,36
DA:173,12
DA:174,12
DA:175,12
DA:176,12
DA:177,12
DA:178,12
DA:179,12
DA:180,12
DA:183,2
DA:184,3
DA:185,3
DA:186,3
DA:187,3
DA:189,3
DA:190,3
DA:191,3
DA:192,3
DA:195,2
DA:196,3
DA:197,3
DA:198,3
DA:202,2
DA:203,6
DA:204,6
DA:205,6
DA:206,6
LF:74
LH:74
BRF:0
BRH:0
end_of_record
TN:
SF:src/base/proof.ts
FN:12,calculateProof
FN:87,isAccepted
FN:106,prepareProofData
FN:119,isAccepted
FN:160,(anonymous_4)
FN:162,(anonymous_5)
FN:173,(anonymous_6)
FNF:7
FNH:2
FNDA:3,calculateProof
FNDA:7,isAccepted
FNDA:0,prepareProofData
FNDA:0,isAccepted
FNDA:0,(anonymous_4)
FNDA:0,(anonymous_5)
FNDA:0,(anonymous_6)
DA:1,1
DA:3,1
DA:9,1
DA:10,1
DA:12,1
DA:18,3
DA:19,3
DA:20,0
DA:27,3
DA:29,3
DA:30,7
DA:31,7
DA:32,6
DA:33,6
DA:34,6
DA:42,6
DA:44,1
DA:48,3
DA:49,3
DA:50,7
DA:58,7
DA:59,7
DA:67,7
DA:68,7
DA:69,7
DA:72,3
DA:73,3
DA:74,3
DA:75,4
DA:76,4
DA:77,4
DA:82,4
DA:83,4
DA:84,4
DA:88,7
DA:89,7
DA:90,7
DA:91,7
DA:93,3
DA:98,3
DA:99,3
DA:100,0
DA:103,3
DA:106,1
DA:110,0
DA:111,0
DA:120,0
DA:121,0
DA:122,0
DA:123,0
DA:126,0
DA:128,0
DA:129,0
DA:130,0
DA:131,0
DA:132,0
DA:133,0
DA:141,0
DA:143,0
DA:147,0
DA:148,0
DA:149,0
DA:153,0
DA:154,0
DA:155,0
DA:156,0
DA:157,0
DA:158,0
DA:160,0
DA:162,0
DA:164,0
DA:166,0
DA:171,0
DA:173,0
DA:178,0
DA:179,0
DA:183,0
DA:184,0
DA:185,0
DA:186,0
DA:189,0
LF:81
LH:42
BRDA:16,0,0,0
BRDA:19,1,0,0
BRDA:31,2,0,6
BRDA:31,2,1,1
BRDA:50,3,0,6
BRDA:50,3,1,1
BRDA:59,4,0,6
BRDA:59,4,1,1
BRDA:67,5,0,3
BRDA:69,6,0,7
BRDA:82,7,0,2
BRDA:84,8,0,4
BRDA:99,9,0,0
BRDA:130,10,0,0
BRDA:130,10,1,0
BRDA:153,11,0,0
BRDA:153,11,1,0
BRDA:155,12,0,0
BRF:18
BRH:10
end_of_record
TN:
SF:src/base/update.ts
FN:20,(anonymous_0)
FN:31,(anonymous_1)
FN:49,(anonymous_2)
FN:70,(anonymous_3)
FN:79,(anonymous_4)
FN:89,(anonymous_5)
FN:96,(anonymous_6)
FN:100,(anonymous_7)
FN:118,(anonymous_8)
FN:127,(anonymous_9)
FN:141,(anonymous_10)
FNF:11
FNH:10
FNDA:0,(anonymous_0)
FNDA:10,(anonymous_1)
FNDA:16,(anonymous_2)
FNDA:6,(anonymous_3)
FNDA:12,(anonymous_4)
FNDA:23,(anonymous_5)
FNDA:18,(anonymous_6)
FNDA:56,(anonymous_7)
FNDA:10,(anonymous_8)
FNDA:5,(anonymous_9)
FNDA:8,(anonymous_10)
DA:1,2
DA:2,2
DA:21,0
DA:32,10
DA:51,16
DA:52,16
DA:53,16
DA:55,16
DA:58,16
DA:59,16
DA:60,16
DA:62,16
DA:71,6
DA:80,12
DA:81,12
DA:90,23
DA:91,23
DA:92,23
DA:93,23
DA:97,18
DA:101,56
DA:110,2
DA:119,10
DA:120,10
DA:133,5
DA:134,5
DA:146,8
DA:147,8
DA:148,8
DA:152,8
LF:30
LH:29
BRF:0
BRH:0
end_of_record
TN:
SF:src/lib/fast-merkle-map.ts
FN:14,(anonymous_0)
FN:18,(anonymous_1)
FN:24,(anonymous_2)
FN:35,(anonymous_3)
FN:36,(anonymous_4)
FN:53,(anonymous_5)
FN:63,(anonymous_6)
FN:72,(anonymous_7)
FNF:8
FNH:6
FNDA:1,(anonymous_0)
FNDA:100,(anonymous_1)
FNDA:25500,(anonymous_2)
FNDA:1,(anonymous_3)
FNDA:100,(anonymous_4)
FNDA:0,(anonymous_5)
FNDA:0,(anonymous_6)
FNDA:1,(anonymous_7)
DA:2,1
DA:4,1
DA:11,1
DA:15,1
DA:20,100
DA:24,25500
DA:26,100
DA:27,100
DA:28,25500
DA:29,25500
DA:32,100
DA:36,1
DA:37,100
DA:38,100
DA:45,1
DA:54,0
DA:55,0
DA:64,0
DA:65,0
DA:73,1
LF:20
LH:16
BRDA:28,0,0,12388
BRDA:28,0,1,13112
BRF:2
BRH:2
end_of_record
TN:
SF:src/lib/fast-merkle-tree.ts
FN:21,(anonymous_0)
FN:28,(anonymous_1)
FN:36,(anonymous_2)
FN:50,(anonymous_3)
FN:59,(anonymous_4)
FN:63,(anonymous_5)
FN:101,(anonymous_6)
FN:105,(anonymous_7)
FN:109,(anonymous_8)
FN:113,(anonymous_9)
FN:125,(anonymous_10)
FNF:11
FNH:9
FNDA:2,(anonymous_0)
FNDA:2,(anonymous_1)
FNDA:0,(anonymous_2)
FNDA:0,(anonymous_3)
FNDA:2,(anonymous_4)
FNDA:2,(anonymous_5)
FNDA:69196,(anonymous_6)
FNDA:10100,(anonymous_7)
FNDA:44697,(anonymous_8)
FNDA:10100,(anonymous_9)
FNDA:2,(anonymous_10)
DA:1,2
DA:15,2
DA:22,2
DA:23,2
DA:24,2
DA:25,2
DA:29,2
DA:30,2
DA:31,2
DA:32,274
DA:37,0
DA:38,0
DA:41,0
DA:43,0
DA:45,0
DA:46,0
DA:47,0
DA:50,0
DA:56,0
DA:60,2
DA:64,2
DA:65,0
DA:68,2
DA:70,2
DA:71,10100
DA:72,10100
DA:73,10100
DA:75,10100
DA:78,2
DA:79,274
DA:81,274
DA:83,274
DA:84,34597
DA:85,34597
DA:87,34597
DA:88,34597
DA:90,34597
DA:97,274
DA:102,69196
DA:106,10100
DA:110,44697
DA:114,10100
DA:115,10100
DA:118,10100
DA:126,2
LF:45
LH:35
BRDA:37,0,0,0
BRDA:46,1,0,0
BRDA:64,2,0,0
BRDA:102,3,0,69196
BRDA:102,3,1,24499
BRDA:114,4,0,10100
BRF:6
BRH:3
end_of_record
TN:
SF:src/lib/fetch.ts
FN:10,fetchMinaAccount
FN:30,fetchMinaActions
FN:57,checkMinaZkappTransaction
FNF:3
FNH:2
FNDA:5,fetchMinaAccount
FNDA:0,fetchMinaActions
FNDA:11,checkMinaZkappTransaction
DA:1,2
DA:8,2
DA:10,2
DA:11,5
DA:12,5
DA:13,5
DA:14,5
DA:15,5
DA:16,5
DA:19,5
DA:20,0
DA:22,0
DA:24,0
DA:26,0
DA:27,0
DA:30,2
DA:35,0
DA:36,0
DA:37,0
DA:38,0
DA:39,0
DA:43,0
DA:44,0
DA:46,0
DA:51,0
DA:53,0
DA:54,0
DA:57,2
DA:58,11
DA:59,11
DA:60,11
DA:62,0
DA:63,0
LF:33
LH:15
BRDA:19,0,0,5
BRDA:43,1,0,0
BRDA:43,1,1,0
BRF:3
BRH:1
end_of_record
TN:
SF:src/lib/files.ts
FN:3,saveFile
FN:26,loadFile
FNF:2
FNH:1
FNDA:0,saveFile
FNDA:1,loadFile
DA:1,1
DA:3,1
DA:8,0
DA:9,0
DA:10,0
DA:11,0
DA:12,0
DA:15,0
DA:17,0
DA:18,0
DA:19,0
DA:21,0
DA:22,0
DA:26,1
DA:27,1
DA:28,1
DA:29,1
DA:30,1
DA:31,1
DA:33,0
DA:34,0
LF:21
LH:8
BRF:0
BRH:0
end_of_record
TN:
SF:src/lib/gc.ts
FN:9,collect
FNF:1
FNH:1
FNDA:54,collect
DA:1,3
DA:9,3
DA:10,54
DA:11,54
DA:12,0
DA:13,0
DA:14,0
DA:15,0
DA:16,0
DA:17,0
LF:10
LH:4
BRDA:9,0,0,54
BRDA:11,1,0,0
BRDA:13,2,0,0
BRDA:16,3,0,0
BRF:4
BRH:1
end_of_record
TN:
SF:src/lib/hash.ts
FN:3,hashWithPrefix
FN:8,prefixToField
FN:17,stringToFields
FN:21,stringFromFields
FN:25,calculateActionsHash
FN:30,emptyActionsHash
FN:39,initialState
FN:42,salt
FN:48,stringToBytes
FN:59,emptyHashWithPrefix
FN:63,fromJSON
FN:64,(anonymous_11)
FN:64,(anonymous_12)
FN:70,(anonymous_13)
FN:74,(anonymous_14)
FN:82,(anonymous_15)
FN:85,(anonymous_16)
FN:88,(anonymous_17)
FN:91,(anonymous_18)
FNF:19
FNH:18
FNDA:99,hashWithPrefix
FNDA:111,prefixToField
FNDA:3501,stringToFields
FNDA:2,stringFromFields
FNDA:12,calculateActionsHash
FNDA:4,emptyActionsHash
FNDA:111,initialState
FNDA:111,salt
FNDA:111,stringToBytes
FNDA:12,emptyHashWithPrefix
FNDA:12,fromJSON
FNDA:12,(anonymous_11)
FNDA:74,(anonymous_12)
FNDA:12,(anonymous_13)
FNDA:12,(anonymous_14)
FNDA:12,(anonymous_15)
FNDA:12,(anonymous_16)
FNDA:0,(anonymous_17)
FNDA:12,(anonymous_18)
DA:1,6
DA:3,6
DA:4,99
DA:5,99
DA:8,6
DA:9,111
DA:10,111
DA:11,111
DA:12,111
DA:17,6
DA:18,3501
DA:21,6
DA:22,2
DA:25,6
DA:26,12
DA:27,12
DA:30,6
DA:31,4
DA:34,6
DA:40,111
DA:43,111
DA:46,6
DA:49,111
DA:60,12
DA:64,74
DA:65,12
DA:66,12
DA:69,6
DA:71,12
DA:72,12
DA:75,12
DA:76,12
DA:80,12
DA:83,12
DA:86,12
DA:89,0
DA:92,12
LF:37
LH:36
BRDA:10,0,0,0
BRF:1
BRH:0
end_of_record
TN:
SF:src/lib/memory.ts
FN:4,(anonymous_0)
FN:9,(anonymous_1)
FN:15,(anonymous_2)
FNF:3
FNH:2
FNDA:0,(anonymous_0)
FNDA:75,(anonymous_1)
FNDA:75,(anonymous_2)
DA:1,3
DA:3,3
DA:5,0
DA:14,75
DA:15,75
DA:16,75
DA:17,75
DA:18,75
DA:20,75
DA:48,75
LF:10
LH:9
BRDA:10,0,0,0
BRDA:11,1,0,60
BRDA:12,2,0,60
BRDA:18,3,0,15
BRDA:20,4,0,0
BRDA:20,4,1,75
BRDA:23,5,0,0
BRDA:23,5,1,0
BRDA:41,6,0,10
BRDA:41,6,1,65
BRF:10
BRH:6
end_of_record
TN:
SF:src/lib/storage.ts
FN:14,(anonymous_1)
FN:17,(anonymous_2)
FN:22,saveToIPFS
FN:55,loadFromIPFS
FNF:4
FNH:4
FNDA:89,(anonymous_1)
FNDA:34,(anonymous_2)
FNDA:1,saveToIPFS
FNDA:2,loadFromIPFS
DA:1,6
DA:2,6
DA:3,6
DA:15,89
DA:18,34
DA:22,6
DA:26,1
DA:27,1
DA:28,1
DA:30,1
DA:37,1
DA:39,0
DA:41,1
DA:47,1
DA:48,1
DA:50,0
DA:51,0
DA:55,6
DA:56,2
DA:58,2
DA:62,2
DA:63,2
DA:65,0
DA:66,0
LF:24
LH:19
BRDA:28,0,0,1
BRDA:28,0,1,0
BRDA:37,1,0,0
BRF:3
BRH:1
end_of_record
TN:
SF:src/multiple-choice/contract.ts
FN:28,(anonymous_2)
FN:37,(anonymous_3)
FN:52,(anonymous_4)
FN:59,(anonymous_5)
FN:72,(anonymous_6)
FN:78,(anonymous_7)
FN:87,(anonymous_8)
FN:106,(anonymous_9)
FN:121,(anonymous_10)
FN:158,(anonymous_11)
FN:185,(anonymous_12)
FN:207,(anonymous_13)
FN:219,(anonymous_14)
FNF:13
FNH:12
FNDA:34,(anonymous_2)
FNDA:64,(anonymous_3)
FNDA:0,(anonymous_4)
FNDA:21,(anonymous_5)
FNDA:12,(anonymous_6)
FNDA:42,(anonymous_7)
FNDA:2,(anonymous_8)
FNDA:21,(anonymous_9)
FNDA:12,(anonymous_10)
FNDA:36,(anonymous_11)
FNDA:12,(anonymous_12)
FNDA:6,(anonymous_13)
FNDA:6,(anonymous_14)
DA:1,3
DA:17,3
DA:18,3
DA:20,3
DA:22,3
DA:29,34
DA:38,64
DA:47,3
DA:53,0
DA:60,21
DA:68,3
DA:73,12
DA:74,12
DA:78,3
DA:79,42
DA:80,42
DA:81,42
DA:82,42
DA:83,42
DA:84,42
DA:85,42
DA:88,2
DA:89,2
DA:95,42
DA:99,42
DA:106,3
DA:107,21
DA:108,21
DA:109,21
DA:110,21
DA:116,21
DA:117,21
DA:118,21
DA:121,3
DA:130,12
DA:131,12
DA:132,12
DA:135,12
DA:136,12
DA:137,12
DA:138,12
DA:140,12
DA:141,12
DA:142,12
DA:144,12
DA:149,12
DA:155,12
DA:159,36
DA:173,12
DA:174,12
DA:175,12
DA:176,12
DA:177,12
DA:178,12
DA:179,12
DA:180,12
DA:181,12
DA:182,12
DA:185,3
DA:191,12
DA:192,12
DA:193,12
DA:196,12
DA:197,12
DA:199,12
DA:200,12
DA:201,12
DA:202,12
DA:203,12
DA:204,12
DA:207,3
DA:212,6
DA:213,6
DA:214,6
DA:215,6
DA:219,3
DA:225,6
DA:226,6
DA:227,6
DA:228,6
DA:229,6
LF:81
LH:80
BRF:0
BRH:0
end_of_record
TN:
SF:src/multiple-choice/map.ts
FN:25,(anonymous_0)
FN:36,(anonymous_1)
FN:54,(anonymous_2)
FN:81,(anonymous_3)
FN:90,(anonymous_4)
FN:103,(anonymous_5)
FN:113,(anonymous_6)
FN:117,(anonymous_7)
FN:135,(anonymous_8)
FN:155,(anonymous_9)
FN:173,(anonymous_10)
FNF:11
FNH:10
FNDA:0,(anonymous_0)
FNDA:20,(anonymous_1)
FNDA:33,(anonymous_2)
FNDA:7,(anonymous_3)
FNDA:25,(anonymous_4)
FNDA:43,(anonymous_5)
FNDA:28,(anonymous_6)
FNDA:107,(anonymous_7)
FNDA:20,(anonymous_8)
FNDA:7,(anonymous_9)
FNDA:16,(anonymous_10)
DA:2,3
DA:3,3
DA:4,3
DA:5,3
DA:7,3
DA:26,0
DA:37,20
DA:61,33
DA:62,33
DA:63,33
DA:65,33
DA:68,33
DA:69,33
DA:70,33
DA:71,33
DA:73,33
DA:82,7
DA:94,25
DA:95,25
DA:107,43
DA:108,43
DA:109,43
DA:110,43
DA:114,28
DA:118,107
DA:127,3
DA:142,20
DA:148,20
DA:161,7
DA:166,7
DA:178,16
DA:179,16
DA:180,16
DA:184,16
LF:34
LH:33
BRF:0
BRH:0
end_of_record
TN:
SF:src/multiple-choice/proof.ts
FN:20,calculateProof
FN:38,isAccepted
FN:132,prepareProofData
FN:147,isAccepted
FN:188,(anonymous_4)
FN:190,(anonymous_5)
FN:201,(anonymous_6)
FNF:7
FNH:2
FNDA:4,calculateProof
FNDA:13,isAccepted
FNDA:0,prepareProofData
FNDA:0,isAccepted
FNDA:0,(anonymous_4)
FNDA:0,(anonymous_5)
FNDA:0,(anonymous_6)
DA:1,2
DA:3,2
DA:9,2
DA:17,2
DA:18,2
DA:20,2
DA:28,4
DA:29,4
DA:30,0
DA:39,13
DA:42,4
DA:43,4
DA:45,4
DA:46,13
DA:47,13
DA:48,13
DA:49,13
DA:50,13
DA:51,13
DA:59,13
DA:60,13
DA:65,0
DA:69,4
DA:70,4
DA:71,13
DA:84,13
DA:85,13
DA:99,13
DA:100,13
DA:101,13
DA:104,4
DA:105,4
DA:106,4
DA:107,9
DA:111,9
DA:113,9
DA:114,9
DA:115,9
DA:116,9
DA:119,4
DA:124,4
DA:125,4
DA:126,0
DA:129,4
DA:132,2
DA:138,0
DA:139,0
DA:148,0
DA:151,0
DA:153,0
DA:154,0
DA:155,0
DA:156,0
DA:157,0
DA:158,0
DA:159,0
DA:167,0
DA:169,0
DA:173,0
DA:174,0
DA:175,0
DA:176,0
DA:177,0
DA:178,0
DA:179,0
DA:185,0
DA:186,0
DA:188,0
DA:190,0
DA:192,0
DA:194,0
DA:199,0
DA:201,0
DA:209,0
DA:210,0
DA:214,0
DA:215,0
DA:216,0
DA:217,0
DA:220,0
LF:80
LH:42
BRDA:26,0,0,0
BRDA:29,1,0,0
BRDA:48,2,0,13
BRDA:48,2,1,0
BRDA:71,3,0,13
BRDA:71,3,1,0
BRDA:85,4,0,13
BRDA:85,4,1,0
BRDA:99,5,0,4
BRDA:101,6,0,13
BRDA:114,7,0,4
BRDA:116,8,0,9
BRDA:125,9,0,0
BRDA:156,10,0,0
BRDA:156,10,1,0
BRDA:176,11,0,0
BRDA:176,11,1,0
BRDA:178,12,0,0
BRDA:205,13,0,0
BRDA:205,13,1,0
BRF:20
BRH:7
end_of_record
TN:
SF:src/multiple-choice/questions.ts
FN:34,generateQuestions
FN:55,generateAnswers
FN:77,validateQuestions
FN:103,calculateQuestionsCommitment
FN:125,calculateAnswersCommitment
FN:139,validateAnswers
FN:161,(anonymous_6)
FNF:7
FNH:7
FNDA:2,generateQuestions
FNDA:4,generateAnswers
FNDA:46,validateQuestions
FNDA:43,calculateQuestionsCommitment
FNDA:20,calculateAnswersCommitment
FNDA:40,validateAnswers
FNDA:860,(anonymous_6)
DA:1,3
DA:2,3
DA:34,3
DA:38,2
DA:39,2
DA:40,20
DA:41,20
DA:42,20
DA:43,20
DA:44,100
DA:46,20
DA:47,20
DA:48,100
DA:50,20
DA:52,2
DA:55,3
DA:61,4
DA:62,4
DA:63,27
DA:64,27
DA:65,270
DA:66,270
DA:67,1350
DA:69,270
DA:71,27
DA:74,4
DA:77,3
DA:78,46
DA:79,460
DA:80,0
DA:82,460
DA:83,0
DA:85,460
DA:86,460
DA:87,2300
DA:88,460
DA:91,460
DA:92,0
DA:94,460
DA:95,0
DA:98,46
DA:101,3
DA:103,3
DA:107,43
DA:108,0
DA:109,43
DA:110,43
DA:111,430
DA:112,430
DA:113,430
DA:114,430
DA:115,430
DA:116,2150
DA:118,430
DA:119,430
DA:120,2150
DA:123,43
DA:125,3
DA:129,20
DA:130,20
DA:131,200
DA:132,200
DA:133,1000
DA:136,20
DA:139,3
DA:145,40
DA:146,0
DA:148,40
DA:152,40
DA:156,0
DA:157,40
DA:158,40
DA:159,337
DA:160,172
DA:161,860
DA:163,7
DA:166,330
DA:167,1650
DA:168,0
DA:172,33
LF:80
LH:72
BRDA:40,0,0,10
BRDA:40,0,1,10
BRDA:67,1,0,1000
BRDA:67,1,1,350
BRDA:79,2,0,0
BRDA:79,3,0,460
BRDA:79,3,1,230
BRDA:82,4,0,0
BRDA:87,5,0,460
BRDA:91,6,0,0
BRDA:94,7,0,0
BRDA:94,8,0,460
BRDA:94,8,1,230
BRDA:107,9,0,0
BRDA:113,10,0,430
BRDA:113,10,1,430
BRDA:120,11,0,430
BRDA:120,11,1,1720
BRDA:133,12,0,200
BRDA:133,12,1,800
BRDA:145,13,0,0
BRDA:152,14,0,0
BRDA:159,15,0,172
BRDA:160,16,0,7
BRDA:167,17,0,0
BRF:25
BRH:17
end_of_record
TN:
SF:src/rollup/blocks.ts
FN:12,createBlock
FN:21,addBlock
FNF:2
FNH:2
FNDA:3,createBlock
FNDA:3,addBlock
DA:1,1
DA:3,1
DA:5,1
DA:13,3
DA:14,3
DA:15,30
DA:17,3
DA:18,3
DA:21,1
DA:36,3
DA:37,3
DA:38,3
DA:39,3
DA:40,3
DA:41,3
DA:42,3
DA:43,3
DA:44,3
DA:50,3
DA:52,3
LF:20
LH:20
BRF:0
BRH:0
end_of_record
TN:
SF:src/rollup/proof.ts
FN:13,(anonymous_0)
FN:23,(anonymous_1)
FN:41,(anonymous_2)
FNF:3
FNH:1
FNDA:0,(anonymous_0)
FNDA:0,(anonymous_1)
FNDA:7,(anonymous_2)
DA:1,1
DA:5,1
DA:7,1
DA:14,0
DA:24,0
DA:33,1
DA:42,7
DA:43,7
DA:44,7
DA:45,7
DA:46,7
DA:47,7
DA:53,1
LF:13
LH:11
BRF:0
BRH:0
end_of_record
